[0.209s] DEBUG:colcon:Command line arguments: ['/usr/bin/colcon', 'build']
[0.209s] DEBUG:colcon:Parsed command line arguments: Namespace(log_base=None, log_level=None, verb_name='build', build_base='build', install_base='install', merge_install=False, symlink_install=False, test_result_base=None, continue_on_error=False, executor='parallel', parallel_workers=12, event_handlers=None, ignore_user_meta=False, metas=['./colcon.meta'], base_paths=['.'], packages_ignore=None, packages_ignore_regex=None, paths=None, packages_up_to=None, packages_up_to_regex=None, packages_above=None, packages_above_and_dependencies=None, packages_above_depth=None, packages_select_by_dep=None, packages_skip_by_dep=None, packages_skip_up_to=None, packages_select_build_failed=False, packages_skip_build_finished=False, packages_select_test_failures=False, packages_skip_test_passed=False, packages_select=None, packages_skip=None, packages_select_regex=None, packages_skip_regex=None, packages_start=None, packages_end=None, allow_overriding=[], cmake_args=None, cmake_target=None, cmake_target_skip_unavailable=False, cmake_clean_cache=False, cmake_clean_first=False, cmake_force_configure=False, ament_cmake_args=None, catkin_cmake_args=None, catkin_skip_building_tests=False, verb_parser=<colcon_defaults.argument_parser.defaults.DefaultArgumentsDecorator object at 0x73b8a19d1010>, verb_extension=<colcon_core.verb.build.BuildVerb object at 0x73b8a19d0d70>, main=<bound method BuildVerb.main of <colcon_core.verb.build.BuildVerb object at 0x73b8a19d0d70>>)
[0.274s] Level 1:colcon.colcon_core.package_discovery:discover_packages(colcon_meta) check parameters
[0.274s] Level 1:colcon.colcon_core.package_discovery:discover_packages(recursive) check parameters
[0.274s] Level 1:colcon.colcon_core.package_discovery:discover_packages(ignore) check parameters
[0.274s] Level 1:colcon.colcon_core.package_discovery:discover_packages(path) check parameters
[0.274s] Level 1:colcon.colcon_core.package_discovery:discover_packages(colcon_meta) discover
[0.275s] Level 1:colcon.colcon_core.package_discovery:discover_packages(recursive) discover
[0.275s] INFO:colcon.colcon_core.package_discovery:Crawling recursively for packages in '/home/ni3nayka/Документы/GitHub/IRS-1_sber_hack_2026'
[0.275s] Level 1:colcon.colcon_core.package_identification:_identify(.) by extensions ['ignore', 'ignore_ament_install']
[0.275s] Level 1:colcon.colcon_core.package_identification:_identify(.) by extension 'ignore'
[0.275s] Level 1:colcon.colcon_core.package_identification:_identify(.) by extension 'ignore_ament_install'
[0.275s] Level 1:colcon.colcon_core.package_identification:_identify(.) by extensions ['colcon_pkg']
[0.275s] Level 1:colcon.colcon_core.package_identification:_identify(.) by extension 'colcon_pkg'
[0.275s] Level 1:colcon.colcon_core.package_identification:_identify(.) by extensions ['colcon_meta']
[0.275s] Level 1:colcon.colcon_core.package_identification:_identify(.) by extension 'colcon_meta'
[0.275s] Level 1:colcon.colcon_core.package_identification:_identify(.) by extensions ['ros']
[0.275s] Level 1:colcon.colcon_core.package_identification:_identify(.) by extension 'ros'
[0.322s] Level 1:colcon.colcon_core.package_identification:_identify(.) by extensions ['cmake', 'python']
[0.322s] Level 1:colcon.colcon_core.package_identification:_identify(.) by extension 'cmake'
[0.322s] Level 1:colcon.colcon_core.package_identification:_identify(.) by extension 'python'
[0.322s] Level 1:colcon.colcon_core.package_identification:_identify(.) by extensions ['python_setup_py']
[0.322s] Level 1:colcon.colcon_core.package_identification:_identify(.) by extension 'python_setup_py'
[0.322s] Level 1:colcon.colcon_core.package_identification:_identify(arduinoDriver) by extensions ['ignore', 'ignore_ament_install']
[0.323s] Level 1:colcon.colcon_core.package_identification:_identify(arduinoDriver) by extension 'ignore'
[0.323s] Level 1:colcon.colcon_core.package_identification:_identify(arduinoDriver) by extension 'ignore_ament_install'
[0.323s] Level 1:colcon.colcon_core.package_identification:_identify(arduinoDriver) by extensions ['colcon_pkg']
[0.323s] Level 1:colcon.colcon_core.package_identification:_identify(arduinoDriver) by extension 'colcon_pkg'
[0.323s] Level 1:colcon.colcon_core.package_identification:_identify(arduinoDriver) by extensions ['colcon_meta']
[0.323s] Level 1:colcon.colcon_core.package_identification:_identify(arduinoDriver) by extension 'colcon_meta'
[0.323s] Level 1:colcon.colcon_core.package_identification:_identify(arduinoDriver) by extensions ['ros']
[0.323s] Level 1:colcon.colcon_core.package_identification:_identify(arduinoDriver) by extension 'ros'
[0.327s] DEBUG:colcon.colcon_core.package_identification:Package 'arduinoDriver' with type 'ros.ament_python' and name 'arduinoDriver'
[0.327s] Level 1:colcon.colcon_core.package_identification:_identify(build) by extensions ['ignore', 'ignore_ament_install']
[0.328s] Level 1:colcon.colcon_core.package_identification:_identify(build) by extension 'ignore'
[0.328s] Level 1:colcon.colcon_core.package_identification:_identify(build) ignored
[0.328s] Level 1:colcon.colcon_core.package_identification:_identify(gy25) by extensions ['ignore', 'ignore_ament_install']
[0.328s] Level 1:colcon.colcon_core.package_identification:_identify(gy25) by extension 'ignore'
[0.328s] Level 1:colcon.colcon_core.package_identification:_identify(gy25) by extension 'ignore_ament_install'
[0.328s] Level 1:colcon.colcon_core.package_identification:_identify(gy25) by extensions ['colcon_pkg']
[0.328s] Level 1:colcon.colcon_core.package_identification:_identify(gy25) by extension 'colcon_pkg'
[0.328s] Level 1:colcon.colcon_core.package_identification:_identify(gy25) by extensions ['colcon_meta']
[0.329s] Level 1:colcon.colcon_core.package_identification:_identify(gy25) by extension 'colcon_meta'
[0.329s] Level 1:colcon.colcon_core.package_identification:_identify(gy25) by extensions ['ros']
[0.329s] Level 1:colcon.colcon_core.package_identification:_identify(gy25) by extension 'ros'
[0.329s] DEBUG:colcon.colcon_core.package_identification:Package 'gy25' with type 'ros.ament_python' and name 'gy25'
[0.330s] Level 1:colcon.colcon_core.package_identification:_identify(install) by extensions ['ignore', 'ignore_ament_install']
[0.330s] Level 1:colcon.colcon_core.package_identification:_identify(install) by extension 'ignore'
[0.330s] Level 1:colcon.colcon_core.package_identification:_identify(install) ignored
[0.330s] Level 1:colcon.colcon_core.package_identification:_identify(lidar) by extensions ['ignore', 'ignore_ament_install']
[0.330s] Level 1:colcon.colcon_core.package_identification:_identify(lidar) by extension 'ignore'
[0.330s] Level 1:colcon.colcon_core.package_identification:_identify(lidar) by extension 'ignore_ament_install'
[0.330s] Level 1:colcon.colcon_core.package_identification:_identify(lidar) by extensions ['colcon_pkg']
[0.330s] Level 1:colcon.colcon_core.package_identification:_identify(lidar) by extension 'colcon_pkg'
[0.330s] Level 1:colcon.colcon_core.package_identification:_identify(lidar) by extensions ['colcon_meta']
[0.331s] Level 1:colcon.colcon_core.package_identification:_identify(lidar) by extension 'colcon_meta'
[0.331s] Level 1:colcon.colcon_core.package_identification:_identify(lidar) by extensions ['ros']
[0.331s] Level 1:colcon.colcon_core.package_identification:_identify(lidar) by extension 'ros'
[0.331s] DEBUG:colcon.colcon_core.package_identification:Package 'lidar' with type 'ros.ament_python' and name 'lidar'
[0.332s] Level 1:colcon.colcon_core.package_identification:_identify(log) by extensions ['ignore', 'ignore_ament_install']
[0.332s] Level 1:colcon.colcon_core.package_identification:_identify(log) by extension 'ignore'
[0.332s] Level 1:colcon.colcon_core.package_identification:_identify(log) ignored
[0.332s] Level 1:colcon.colcon_core.package_identification:_identify(main) by extensions ['ignore', 'ignore_ament_install']
[0.332s] Level 1:colcon.colcon_core.package_identification:_identify(main) by extension 'ignore'
[0.332s] Level 1:colcon.colcon_core.package_identification:_identify(main) by extension 'ignore_ament_install'
[0.332s] Level 1:colcon.colcon_core.package_identification:_identify(main) by extensions ['colcon_pkg']
[0.332s] Level 1:colcon.colcon_core.package_identification:_identify(main) by extension 'colcon_pkg'
[0.332s] Level 1:colcon.colcon_core.package_identification:_identify(main) by extensions ['colcon_meta']
[0.333s] Level 1:colcon.colcon_core.package_identification:_identify(main) by extension 'colcon_meta'
[0.333s] Level 1:colcon.colcon_core.package_identification:_identify(main) by extensions ['ros']
[0.333s] Level 1:colcon.colcon_core.package_identification:_identify(main) by extension 'ros'
[0.333s] DEBUG:colcon.colcon_core.package_identification:Package 'main' with type 'ros.ament_python' and name 'main'
[0.333s] Level 1:colcon.colcon_core.package_discovery:discover_packages(recursive) using defaults
[0.334s] Level 1:colcon.colcon_core.package_discovery:discover_packages(ignore) discover
[0.334s] Level 1:colcon.colcon_core.package_discovery:discover_packages(ignore) using defaults
[0.334s] Level 1:colcon.colcon_core.package_discovery:discover_packages(path) discover
[0.334s] Level 1:colcon.colcon_core.package_discovery:discover_packages(path) using defaults
[0.381s] Level 1:colcon.colcon_core.package_discovery:discover_packages(prefix_path) check parameters
[0.382s] Level 1:colcon.colcon_core.package_discovery:discover_packages(prefix_path) discover
[0.385s] DEBUG:colcon.colcon_installed_package_information.package_discovery:Found 4 installed packages in /home/ni3nayka/Документы/GitHub/IRS-1_sber_hack_2026/install
[0.388s] DEBUG:colcon.colcon_installed_package_information.package_discovery:Found 286 installed packages in /opt/ros/jazzy
[0.391s] Level 1:colcon.colcon_core.package_discovery:discover_packages(prefix_path) using defaults
[0.453s] Level 5:colcon.colcon_core.verb:set package 'arduinoDriver' build argument 'cmake_args' from command line to 'None'
[0.453s] Level 5:colcon.colcon_core.verb:set package 'arduinoDriver' build argument 'cmake_target' from command line to 'None'
[0.453s] Level 5:colcon.colcon_core.verb:set package 'arduinoDriver' build argument 'cmake_target_skip_unavailable' from command line to 'False'
[0.453s] Level 5:colcon.colcon_core.verb:set package 'arduinoDriver' build argument 'cmake_clean_cache' from command line to 'False'
[0.453s] Level 5:colcon.colcon_core.verb:set package 'arduinoDriver' build argument 'cmake_clean_first' from command line to 'False'
[0.453s] Level 5:colcon.colcon_core.verb:set package 'arduinoDriver' build argument 'cmake_force_configure' from command line to 'False'
[0.453s] Level 5:colcon.colcon_core.verb:set package 'arduinoDriver' build argument 'ament_cmake_args' from command line to 'None'
[0.453s] Level 5:colcon.colcon_core.verb:set package 'arduinoDriver' build argument 'catkin_cmake_args' from command line to 'None'
[0.453s] Level 5:colcon.colcon_core.verb:set package 'arduinoDriver' build argument 'catkin_skip_building_tests' from command line to 'False'
[0.453s] DEBUG:colcon.colcon_core.verb:Building package 'arduinoDriver' with the following arguments: {'ament_cmake_args': None, 'build_base': '/home/ni3nayka/Документы/GitHub/IRS-1_sber_hack_2026/build/arduinoDriver', 'catkin_cmake_args': None, 'catkin_skip_building_tests': False, 'cmake_args': None, 'cmake_clean_cache': False, 'cmake_clean_first': False, 'cmake_force_configure': False, 'cmake_target': None, 'cmake_target_skip_unavailable': False, 'install_base': '/home/ni3nayka/Документы/GitHub/IRS-1_sber_hack_2026/install/arduinoDriver', 'merge_install': False, 'path': '/home/ni3nayka/Документы/GitHub/IRS-1_sber_hack_2026/arduinoDriver', 'symlink_install': False, 'test_result_base': None}
[0.454s] Level 5:colcon.colcon_core.verb:set package 'gy25' build argument 'cmake_args' from command line to 'None'
[0.454s] Level 5:colcon.colcon_core.verb:set package 'gy25' build argument 'cmake_target' from command line to 'None'
[0.454s] Level 5:colcon.colcon_core.verb:set package 'gy25' build argument 'cmake_target_skip_unavailable' from command line to 'False'
[0.454s] Level 5:colcon.colcon_core.verb:set package 'gy25' build argument 'cmake_clean_cache' from command line to 'False'
[0.454s] Level 5:colcon.colcon_core.verb:set package 'gy25' build argument 'cmake_clean_first' from command line to 'False'
[0.454s] Level 5:colcon.colcon_core.verb:set package 'gy25' build argument 'cmake_force_configure' from command line to 'False'
[0.454s] Level 5:colcon.colcon_core.verb:set package 'gy25' build argument 'ament_cmake_args' from command line to 'None'
[0.454s] Level 5:colcon.colcon_core.verb:set package 'gy25' build argument 'catkin_cmake_args' from command line to 'None'
[0.454s] Level 5:colcon.colcon_core.verb:set package 'gy25' build argument 'catkin_skip_building_tests' from command line to 'False'
[0.454s] DEBUG:colcon.colcon_core.verb:Building package 'gy25' with the following arguments: {'ament_cmake_args': None, 'build_base': '/home/ni3nayka/Документы/GitHub/IRS-1_sber_hack_2026/build/gy25', 'catkin_cmake_args': None, 'catkin_skip_building_tests': False, 'cmake_args': None, 'cmake_clean_cache': False, 'cmake_clean_first': False, 'cmake_force_configure': False, 'cmake_target': None, 'cmake_target_skip_unavailable': False, 'install_base': '/home/ni3nayka/Документы/GitHub/IRS-1_sber_hack_2026/install/gy25', 'merge_install': False, 'path': '/home/ni3nayka/Документы/GitHub/IRS-1_sber_hack_2026/gy25', 'symlink_install': False, 'test_result_base': None}
[0.455s] Level 5:colcon.colcon_core.verb:set package 'lidar' build argument 'cmake_args' from command line to 'None'
[0.455s] Level 5:colcon.colcon_core.verb:set package 'lidar' build argument 'cmake_target' from command line to 'None'
[0.455s] Level 5:colcon.colcon_core.verb:set package 'lidar' build argument 'cmake_target_skip_unavailable' from command line to 'False'
[0.455s] Level 5:colcon.colcon_core.verb:set package 'lidar' build argument 'cmake_clean_cache' from command line to 'False'
[0.455s] Level 5:colcon.colcon_core.verb:set package 'lidar' build argument 'cmake_clean_first' from command line to 'False'
[0.455s] Level 5:colcon.colcon_core.verb:set package 'lidar' build argument 'cmake_force_configure' from command line to 'False'
[0.455s] Level 5:colcon.colcon_core.verb:set package 'lidar' build argument 'ament_cmake_args' from command line to 'None'
[0.455s] Level 5:colcon.colcon_core.verb:set package 'lidar' build argument 'catkin_cmake_args' from command line to 'None'
[0.455s] Level 5:colcon.colcon_core.verb:set package 'lidar' build argument 'catkin_skip_building_tests' from command line to 'False'
[0.455s] DEBUG:colcon.colcon_core.verb:Building package 'lidar' with the following arguments: {'ament_cmake_args': None, 'build_base': '/home/ni3nayka/Документы/GitHub/IRS-1_sber_hack_2026/build/lidar', 'catkin_cmake_args': None, 'catkin_skip_building_tests': False, 'cmake_args': None, 'cmake_clean_cache': False, 'cmake_clean_first': False, 'cmake_force_configure': False, 'cmake_target': None, 'cmake_target_skip_unavailable': False, 'install_base': '/home/ni3nayka/Документы/GitHub/IRS-1_sber_hack_2026/install/lidar', 'merge_install': False, 'path': '/home/ni3nayka/Документы/GitHub/IRS-1_sber_hack_2026/lidar', 'symlink_install': False, 'test_result_base': None}
[0.455s] Level 5:colcon.colcon_core.verb:set package 'main' build argument 'cmake_args' from command line to 'None'
[0.455s] Level 5:colcon.colcon_core.verb:set package 'main' build argument 'cmake_target' from command line to 'None'
[0.456s] Level 5:colcon.colcon_core.verb:set package 'main' build argument 'cmake_target_skip_unavailable' from command line to 'False'
[0.456s] Level 5:colcon.colcon_core.verb:set package 'main' build argument 'cmake_clean_cache' from command line to 'False'
[0.456s] Level 5:colcon.colcon_core.verb:set package 'main' build argument 'cmake_clean_first' from command line to 'False'
[0.456s] Level 5:colcon.colcon_core.verb:set package 'main' build argument 'cmake_force_configure' from command line to 'False'
[0.456s] Level 5:colcon.colcon_core.verb:set package 'main' build argument 'ament_cmake_args' from command line to 'None'
[0.456s] Level 5:colcon.colcon_core.verb:set package 'main' build argument 'catkin_cmake_args' from command line to 'None'
[0.456s] Level 5:colcon.colcon_core.verb:set package 'main' build argument 'catkin_skip_building_tests' from command line to 'False'
[0.456s] DEBUG:colcon.colcon_core.verb:Building package 'main' with the following arguments: {'ament_cmake_args': None, 'build_base': '/home/ni3nayka/Документы/GitHub/IRS-1_sber_hack_2026/build/main', 'catkin_cmake_args': None, 'catkin_skip_building_tests': False, 'cmake_args': None, 'cmake_clean_cache': False, 'cmake_clean_first': False, 'cmake_force_configure': False, 'cmake_target': None, 'cmake_target_skip_unavailable': False, 'install_base': '/home/ni3nayka/Документы/GitHub/IRS-1_sber_hack_2026/install/main', 'merge_install': False, 'path': '/home/ni3nayka/Документы/GitHub/IRS-1_sber_hack_2026/main', 'symlink_install': False, 'test_result_base': None}
[0.456s] INFO:colcon.colcon_core.executor:Executing jobs using 'parallel' executor
[0.457s] DEBUG:colcon.colcon_parallel_executor.executor.parallel:run_until_complete
[0.458s] INFO:colcon.colcon_ros.task.ament_python.build:Building ROS package in '/home/ni3nayka/Документы/GitHub/IRS-1_sber_hack_2026/arduinoDriver' with build type 'ament_python'
[0.458s] Level 1:colcon.colcon_core.shell:create_environment_hook('arduinoDriver', 'ament_prefix_path')
[0.462s] INFO:colcon.colcon_core.plugin_system:Skipping extension 'colcon_core.shell.bat': Not used on non-Windows systems
[0.462s] INFO:colcon.colcon_core.shell:Creating environment hook '/home/ni3nayka/Документы/GitHub/IRS-1_sber_hack_2026/install/arduinoDriver/share/arduinoDriver/hook/ament_prefix_path.ps1'
[0.463s] INFO:colcon.colcon_core.shell:Creating environment descriptor '/home/ni3nayka/Документы/GitHub/IRS-1_sber_hack_2026/install/arduinoDriver/share/arduinoDriver/hook/ament_prefix_path.dsv'
[0.464s] INFO:colcon.colcon_core.shell:Creating environment hook '/home/ni3nayka/Документы/GitHub/IRS-1_sber_hack_2026/install/arduinoDriver/share/arduinoDriver/hook/ament_prefix_path.sh'
[0.465s] INFO:colcon.colcon_core.shell:Skip shell extension 'powershell' for command environment: Not usable outside of PowerShell
[0.465s] DEBUG:colcon.colcon_core.shell:Skip shell extension 'dsv' for command environment
[0.471s] INFO:colcon.colcon_ros.task.ament_python.build:Building ROS package in '/home/ni3nayka/Документы/GitHub/IRS-1_sber_hack_2026/gy25' with build type 'ament_python'
[0.471s] Level 1:colcon.colcon_core.shell:create_environment_hook('gy25', 'ament_prefix_path')
[0.472s] INFO:colcon.colcon_core.shell:Creating environment hook '/home/ni3nayka/Документы/GitHub/IRS-1_sber_hack_2026/install/gy25/share/gy25/hook/ament_prefix_path.ps1'
[0.473s] INFO:colcon.colcon_core.shell:Creating environment descriptor '/home/ni3nayka/Документы/GitHub/IRS-1_sber_hack_2026/install/gy25/share/gy25/hook/ament_prefix_path.dsv'
[0.474s] INFO:colcon.colcon_core.shell:Creating environment hook '/home/ni3nayka/Документы/GitHub/IRS-1_sber_hack_2026/install/gy25/share/gy25/hook/ament_prefix_path.sh'
[0.475s] INFO:colcon.colcon_core.shell:Skip shell extension 'powershell' for command environment: Not usable outside of PowerShell
[0.475s] DEBUG:colcon.colcon_core.shell:Skip shell extension 'dsv' for command environment
[0.487s] INFO:colcon.colcon_ros.task.ament_python.build:Building ROS package in '/home/ni3nayka/Документы/GitHub/IRS-1_sber_hack_2026/lidar' with build type 'ament_python'
[0.488s] Level 1:colcon.colcon_core.shell:create_environment_hook('lidar', 'ament_prefix_path')
[0.489s] INFO:colcon.colcon_core.shell:Creating environment hook '/home/ni3nayka/Документы/GitHub/IRS-1_sber_hack_2026/install/lidar/share/lidar/hook/ament_prefix_path.ps1'
[0.492s] INFO:colcon.colcon_core.shell:Creating environment descriptor '/home/ni3nayka/Документы/GitHub/IRS-1_sber_hack_2026/install/lidar/share/lidar/hook/ament_prefix_path.dsv'
[0.493s] INFO:colcon.colcon_core.shell:Creating environment hook '/home/ni3nayka/Документы/GitHub/IRS-1_sber_hack_2026/install/lidar/share/lidar/hook/ament_prefix_path.sh'
[0.495s] INFO:colcon.colcon_core.shell:Skip shell extension 'powershell' for command environment: Not usable outside of PowerShell
[0.496s] DEBUG:colcon.colcon_core.shell:Skip shell extension 'dsv' for command environment
[0.507s] INFO:colcon.colcon_ros.task.ament_python.build:Building ROS package in '/home/ni3nayka/Документы/GitHub/IRS-1_sber_hack_2026/main' with build type 'ament_python'
[0.508s] Level 1:colcon.colcon_core.shell:create_environment_hook('main', 'ament_prefix_path')
[0.509s] INFO:colcon.colcon_core.shell:Creating environment hook '/home/ni3nayka/Документы/GitHub/IRS-1_sber_hack_2026/install/main/share/main/hook/ament_prefix_path.ps1'
[0.510s] INFO:colcon.colcon_core.shell:Creating environment descriptor '/home/ni3nayka/Документы/GitHub/IRS-1_sber_hack_2026/install/main/share/main/hook/ament_prefix_path.dsv'
[0.512s] INFO:colcon.colcon_core.shell:Creating environment hook '/home/ni3nayka/Документы/GitHub/IRS-1_sber_hack_2026/install/main/share/main/hook/ament_prefix_path.sh'
[0.513s] INFO:colcon.colcon_core.shell:Skip shell extension 'powershell' for command environment: Not usable outside of PowerShell
[0.513s] DEBUG:colcon.colcon_core.shell:Skip shell extension 'dsv' for command environment
[1.269s] INFO:colcon.colcon_core.task.python.build:Building Python package in '/home/ni3nayka/Документы/GitHub/IRS-1_sber_hack_2026/arduinoDriver'
[1.269s] INFO:colcon.colcon_core.shell:Skip shell extension 'powershell' for command environment: Not usable outside of PowerShell
[1.269s] DEBUG:colcon.colcon_core.shell:Skip shell extension 'dsv' for command environment
[1.625s] INFO:colcon.colcon_core.task.python.build:Building Python package in '/home/ni3nayka/Документы/GitHub/IRS-1_sber_hack_2026/gy25'
[1.626s] INFO:colcon.colcon_core.shell:Skip shell extension 'powershell' for command environment: Not usable outside of PowerShell
[1.626s] DEBUG:colcon.colcon_core.shell:Skip shell extension 'dsv' for command environment
[2.016s] INFO:colcon.colcon_core.task.python.build:Building Python package in '/home/ni3nayka/Документы/GitHub/IRS-1_sber_hack_2026/lidar'
[2.017s] INFO:colcon.colcon_core.shell:Skip shell extension 'powershell' for command environment: Not usable outside of PowerShell
[2.017s] DEBUG:colcon.colcon_core.shell:Skip shell extension 'dsv' for command environment
[2.419s] INFO:colcon.colcon_core.task.python.build:Building Python package in '/home/ni3nayka/Документы/GitHub/IRS-1_sber_hack_2026/main'
[2.420s] INFO:colcon.colcon_core.shell:Skip shell extension 'powershell' for command environment: Not usable outside of PowerShell
[2.420s] DEBUG:colcon.colcon_core.shell:Skip shell extension 'dsv' for command environment
[3.977s] DEBUG:colcon.colcon_core.event_handler.log_command:Invoking command in '/home/ni3nayka/Документы/GitHub/IRS-1_sber_hack_2026/gy25': PYTHONPATH=/home/ni3nayka/Документы/GitHub/IRS-1_sber_hack_2026/build/gy25/prefix_override:/usr/lib/python3/dist-packages/colcon_core/task/python/colcon_distutils_commands:/home/ni3nayka/Документы/GitHub/IRS-1_sber_hack_2026/install/gy25/lib/python3.12/site-packages:${PYTHONPATH} /usr/bin/python3 -W ignore:setup.py install is deprecated -W ignore:easy_install command is deprecated setup.py egg_info --egg-base ../build/gy25 build --build-base /home/ni3nayka/Документы/GitHub/IRS-1_sber_hack_2026/build/gy25/build install --record /home/ni3nayka/Документы/GitHub/IRS-1_sber_hack_2026/build/gy25/install.log --single-version-externally-managed install_data
[4.025s] DEBUG:colcon.colcon_core.event_handler.log_command:Invoking command in '/home/ni3nayka/Документы/GitHub/IRS-1_sber_hack_2026/main': PYTHONPATH=/home/ni3nayka/Документы/GitHub/IRS-1_sber_hack_2026/build/main/prefix_override:/usr/lib/python3/dist-packages/colcon_core/task/python/colcon_distutils_commands:/home/ni3nayka/Документы/GitHub/IRS-1_sber_hack_2026/install/main/lib/python3.12/site-packages:${PYTHONPATH} /usr/bin/python3 -W ignore:setup.py install is deprecated -W ignore:easy_install command is deprecated setup.py egg_info --egg-base ../build/main build --build-base /home/ni3nayka/Документы/GitHub/IRS-1_sber_hack_2026/build/main/build install --record /home/ni3nayka/Документы/GitHub/IRS-1_sber_hack_2026/build/main/install.log --single-version-externally-managed install_data
[4.529s] DEBUG:colcon.colcon_core.event_handler.log_command:Invoking command in '/home/ni3nayka/Документы/GitHub/IRS-1_sber_hack_2026/arduinoDriver': PYTHONPATH=/home/ni3nayka/Документы/GitHub/IRS-1_sber_hack_2026/build/arduinoDriver/prefix_override:/usr/lib/python3/dist-packages/colcon_core/task/python/colcon_distutils_commands:/home/ni3nayka/Документы/GitHub/IRS-1_sber_hack_2026/install/arduinoDriver/lib/python3.12/site-packages:${PYTHONPATH} /usr/bin/python3 -W ignore:setup.py install is deprecated -W ignore:easy_install command is deprecated setup.py egg_info --egg-base ../build/arduinoDriver build --build-base /home/ni3nayka/Документы/GitHub/IRS-1_sber_hack_2026/build/arduinoDriver/build install --record /home/ni3nayka/Документы/GitHub/IRS-1_sber_hack_2026/build/arduinoDriver/install.log --single-version-externally-managed install_data
[4.783s] DEBUG:colcon.colcon_core.event_handler.log_command:Invoking command in '/home/ni3nayka/Документы/GitHub/IRS-1_sber_hack_2026/lidar': PYTHONPATH=/home/ni3nayka/Документы/GitHub/IRS-1_sber_hack_2026/build/lidar/prefix_override:/usr/lib/python3/dist-packages/colcon_core/task/python/colcon_distutils_commands:/home/ni3nayka/Документы/GitHub/IRS-1_sber_hack_2026/install/lidar/lib/python3.12/site-packages:${PYTHONPATH} /usr/bin/python3 -W ignore:setup.py install is deprecated -W ignore:easy_install command is deprecated setup.py egg_info --egg-base ../build/lidar build --build-base /home/ni3nayka/Документы/GitHub/IRS-1_sber_hack_2026/build/lidar/build install --record /home/ni3nayka/Документы/GitHub/IRS-1_sber_hack_2026/build/lidar/install.log --single-version-externally-managed install_data
[5.590s] DEBUG:colcon.colcon_core.event_handler.log_command:Invoked command in '/home/ni3nayka/Документы/GitHub/IRS-1_sber_hack_2026/main' returned '0': PYTHONPATH=/home/ni3nayka/Документы/GitHub/IRS-1_sber_hack_2026/build/main/prefix_override:/usr/lib/python3/dist-packages/colcon_core/task/python/colcon_distutils_commands:/home/ni3nayka/Документы/GitHub/IRS-1_sber_hack_2026/install/main/lib/python3.12/site-packages:${PYTHONPATH} /usr/bin/python3 -W ignore:setup.py install is deprecated -W ignore:easy_install command is deprecated setup.py egg_info --egg-base ../build/main build --build-base /home/ni3nayka/Документы/GitHub/IRS-1_sber_hack_2026/build/main/build install --record /home/ni3nayka/Документы/GitHub/IRS-1_sber_hack_2026/build/main/install.log --single-version-externally-managed install_data
[5.596s] Level 1:colcon.colcon_core.environment:checking '/home/ni3nayka/Документы/GitHub/IRS-1_sber_hack_2026/install/main' for CMake module files
[5.598s] Level 1:colcon.colcon_core.environment:checking '/home/ni3nayka/Документы/GitHub/IRS-1_sber_hack_2026/install/main' for CMake config files
[5.601s] Level 1:colcon.colcon_core.environment:checking '/home/ni3nayka/Документы/GitHub/IRS-1_sber_hack_2026/install/main/lib'
[5.602s] Level 1:colcon.colcon_core.environment:checking '/home/ni3nayka/Документы/GitHub/IRS-1_sber_hack_2026/install/main/bin'
[5.602s] Level 1:colcon.colcon_core.environment:checking '/home/ni3nayka/Документы/GitHub/IRS-1_sber_hack_2026/install/main/lib/pkgconfig/main.pc'
[5.603s] Level 1:colcon.colcon_core.environment:checking '/home/ni3nayka/Документы/GitHub/IRS-1_sber_hack_2026/install/main/lib/python3.12/site-packages'
[5.603s] Level 1:colcon.colcon_core.shell:create_environment_hook('main', 'pythonpath')
[5.604s] INFO:colcon.colcon_core.shell:Creating environment hook '/home/ni3nayka/Документы/GitHub/IRS-1_sber_hack_2026/install/main/share/main/hook/pythonpath.ps1'
[5.606s] INFO:colcon.colcon_core.shell:Creating environment descriptor '/home/ni3nayka/Документы/GitHub/IRS-1_sber_hack_2026/install/main/share/main/hook/pythonpath.dsv'
[5.608s] INFO:colcon.colcon_core.shell:Creating environment hook '/home/ni3nayka/Документы/GitHub/IRS-1_sber_hack_2026/install/main/share/main/hook/pythonpath.sh'
[5.610s] Level 1:colcon.colcon_core.environment:checking '/home/ni3nayka/Документы/GitHub/IRS-1_sber_hack_2026/install/main/bin'
[5.611s] Level 1:colcon.colcon_core.environment:create_environment_scripts_only(main)
[5.612s] INFO:colcon.colcon_core.shell:Creating package script '/home/ni3nayka/Документы/GitHub/IRS-1_sber_hack_2026/install/main/share/main/package.ps1'
[5.615s] INFO:colcon.colcon_core.shell:Creating package descriptor '/home/ni3nayka/Документы/GitHub/IRS-1_sber_hack_2026/install/main/share/main/package.dsv'
[5.617s] INFO:colcon.colcon_core.shell:Creating package script '/home/ni3nayka/Документы/GitHub/IRS-1_sber_hack_2026/install/main/share/main/package.sh'
[5.618s] INFO:colcon.colcon_core.shell:Creating package script '/home/ni3nayka/Документы/GitHub/IRS-1_sber_hack_2026/install/main/share/main/package.bash'
[5.621s] INFO:colcon.colcon_core.shell:Creating package script '/home/ni3nayka/Документы/GitHub/IRS-1_sber_hack_2026/install/main/share/main/package.zsh'
[5.623s] Level 1:colcon.colcon_core.environment:create_file_with_runtime_dependencies(/home/ni3nayka/Документы/GitHub/IRS-1_sber_hack_2026/install/main/share/colcon-core/packages/main)
[6.054s] Level 1:colcon.colcon_core.environment:checking '/home/ni3nayka/Документы/GitHub/IRS-1_sber_hack_2026/install/gy25' for CMake module files
[6.055s] DEBUG:colcon.colcon_core.event_handler.log_command:Invoked command in '/home/ni3nayka/Документы/GitHub/IRS-1_sber_hack_2026/gy25' returned '0': PYTHONPATH=/home/ni3nayka/Документы/GitHub/IRS-1_sber_hack_2026/build/gy25/prefix_override:/usr/lib/python3/dist-packages/colcon_core/task/python/colcon_distutils_commands:/home/ni3nayka/Документы/GitHub/IRS-1_sber_hack_2026/install/gy25/lib/python3.12/site-packages:${PYTHONPATH} /usr/bin/python3 -W ignore:setup.py install is deprecated -W ignore:easy_install command is deprecated setup.py egg_info --egg-base ../build/gy25 build --build-base /home/ni3nayka/Документы/GitHub/IRS-1_sber_hack_2026/build/gy25/build install --record /home/ni3nayka/Документы/GitHub/IRS-1_sber_hack_2026/build/gy25/install.log --single-version-externally-managed install_data
[6.056s] Level 1:colcon.colcon_core.environment:checking '/home/ni3nayka/Документы/GitHub/IRS-1_sber_hack_2026/install/gy25' for CMake config files
[6.058s] Level 1:colcon.colcon_core.environment:checking '/home/ni3nayka/Документы/GitHub/IRS-1_sber_hack_2026/install/gy25/lib'
[6.058s] Level 1:colcon.colcon_core.environment:checking '/home/ni3nayka/Документы/GitHub/IRS-1_sber_hack_2026/install/gy25/bin'
[6.059s] Level 1:colcon.colcon_core.environment:checking '/home/ni3nayka/Документы/GitHub/IRS-1_sber_hack_2026/install/gy25/lib/pkgconfig/gy25.pc'
[6.059s] Level 1:colcon.colcon_core.environment:checking '/home/ni3nayka/Документы/GitHub/IRS-1_sber_hack_2026/install/gy25/lib/python3.12/site-packages'
[6.060s] Level 1:colcon.colcon_core.shell:create_environment_hook('gy25', 'pythonpath')
[6.060s] INFO:colcon.colcon_core.shell:Creating environment hook '/home/ni3nayka/Документы/GitHub/IRS-1_sber_hack_2026/install/gy25/share/gy25/hook/pythonpath.ps1'
[6.061s] INFO:colcon.colcon_core.shell:Creating environment descriptor '/home/ni3nayka/Документы/GitHub/IRS-1_sber_hack_2026/install/gy25/share/gy25/hook/pythonpath.dsv'
[6.062s] INFO:colcon.colcon_core.shell:Creating environment hook '/home/ni3nayka/Документы/GitHub/IRS-1_sber_hack_2026/install/gy25/share/gy25/hook/pythonpath.sh'
[6.064s] Level 1:colcon.colcon_core.environment:checking '/home/ni3nayka/Документы/GitHub/IRS-1_sber_hack_2026/install/gy25/bin'
[6.064s] Level 1:colcon.colcon_core.environment:create_environment_scripts_only(gy25)
[6.065s] INFO:colcon.colcon_core.shell:Creating package script '/home/ni3nayka/Документы/GitHub/IRS-1_sber_hack_2026/install/gy25/share/gy25/package.ps1'
[6.066s] INFO:colcon.colcon_core.shell:Creating package descriptor '/home/ni3nayka/Документы/GitHub/IRS-1_sber_hack_2026/install/gy25/share/gy25/package.dsv'
[6.068s] INFO:colcon.colcon_core.shell:Creating package script '/home/ni3nayka/Документы/GitHub/IRS-1_sber_hack_2026/install/gy25/share/gy25/package.sh'
[6.069s] INFO:colcon.colcon_core.shell:Creating package script '/home/ni3nayka/Документы/GitHub/IRS-1_sber_hack_2026/install/gy25/share/gy25/package.bash'
[6.070s] INFO:colcon.colcon_core.shell:Creating package script '/home/ni3nayka/Документы/GitHub/IRS-1_sber_hack_2026/install/gy25/share/gy25/package.zsh'
[6.071s] Level 1:colcon.colcon_core.environment:create_file_with_runtime_dependencies(/home/ni3nayka/Документы/GitHub/IRS-1_sber_hack_2026/install/gy25/share/colcon-core/packages/gy25)
[6.098s] Level 1:colcon.colcon_core.environment:checking '/home/ni3nayka/Документы/GitHub/IRS-1_sber_hack_2026/install/arduinoDriver' for CMake module files
[6.101s] DEBUG:colcon.colcon_core.event_handler.log_command:Invoked command in '/home/ni3nayka/Документы/GitHub/IRS-1_sber_hack_2026/arduinoDriver' returned '0': PYTHONPATH=/home/ni3nayka/Документы/GitHub/IRS-1_sber_hack_2026/build/arduinoDriver/prefix_override:/usr/lib/python3/dist-packages/colcon_core/task/python/colcon_distutils_commands:/home/ni3nayka/Документы/GitHub/IRS-1_sber_hack_2026/install/arduinoDriver/lib/python3.12/site-packages:${PYTHONPATH} /usr/bin/python3 -W ignore:setup.py install is deprecated -W ignore:easy_install command is deprecated setup.py egg_info --egg-base ../build/arduinoDriver build --build-base /home/ni3nayka/Документы/GitHub/IRS-1_sber_hack_2026/build/arduinoDriver/build install --record /home/ni3nayka/Документы/GitHub/IRS-1_sber_hack_2026/build/arduinoDriver/install.log --single-version-externally-managed install_data
[6.103s] Level 1:colcon.colcon_core.environment:checking '/home/ni3nayka/Документы/GitHub/IRS-1_sber_hack_2026/install/arduinoDriver' for CMake config files
[6.106s] Level 1:colcon.colcon_core.environment:checking '/home/ni3nayka/Документы/GitHub/IRS-1_sber_hack_2026/install/arduinoDriver/lib'
[6.106s] Level 1:colcon.colcon_core.environment:checking '/home/ni3nayka/Документы/GitHub/IRS-1_sber_hack_2026/install/arduinoDriver/bin'
[6.107s] Level 1:colcon.colcon_core.environment:checking '/home/ni3nayka/Документы/GitHub/IRS-1_sber_hack_2026/install/arduinoDriver/lib/pkgconfig/arduinoDriver.pc'
[6.108s] Level 1:colcon.colcon_core.environment:checking '/home/ni3nayka/Документы/GitHub/IRS-1_sber_hack_2026/install/arduinoDriver/lib/python3.12/site-packages'
[6.109s] Level 1:colcon.colcon_core.shell:create_environment_hook('arduinoDriver', 'pythonpath')
[6.110s] INFO:colcon.colcon_core.shell:Creating environment hook '/home/ni3nayka/Документы/GitHub/IRS-1_sber_hack_2026/install/arduinoDriver/share/arduinoDriver/hook/pythonpath.ps1'
[6.111s] INFO:colcon.colcon_core.shell:Creating environment descriptor '/home/ni3nayka/Документы/GitHub/IRS-1_sber_hack_2026/install/arduinoDriver/share/arduinoDriver/hook/pythonpath.dsv'
[6.113s] INFO:colcon.colcon_core.shell:Creating environment hook '/home/ni3nayka/Документы/GitHub/IRS-1_sber_hack_2026/install/arduinoDriver/share/arduinoDriver/hook/pythonpath.sh'
[6.117s] Level 1:colcon.colcon_core.environment:checking '/home/ni3nayka/Документы/GitHub/IRS-1_sber_hack_2026/install/arduinoDriver/bin'
[6.117s] Level 1:colcon.colcon_core.environment:create_environment_scripts_only(arduinoDriver)
[6.118s] INFO:colcon.colcon_core.shell:Creating package script '/home/ni3nayka/Документы/GitHub/IRS-1_sber_hack_2026/install/arduinoDriver/share/arduinoDriver/package.ps1'
[6.121s] INFO:colcon.colcon_core.shell:Creating package descriptor '/home/ni3nayka/Документы/GitHub/IRS-1_sber_hack_2026/install/arduinoDriver/share/arduinoDriver/package.dsv'
[6.122s] INFO:colcon.colcon_core.shell:Creating package script '/home/ni3nayka/Документы/GitHub/IRS-1_sber_hack_2026/install/arduinoDriver/share/arduinoDriver/package.sh'
[6.123s] INFO:colcon.colcon_core.shell:Creating package script '/home/ni3nayka/Документы/GitHub/IRS-1_sber_hack_2026/install/arduinoDriver/share/arduinoDriver/package.bash'
[6.124s] INFO:colcon.colcon_core.shell:Creating package script '/home/ni3nayka/Документы/GitHub/IRS-1_sber_hack_2026/install/arduinoDriver/share/arduinoDriver/package.zsh'
[6.125s] Level 1:colcon.colcon_core.environment:create_file_with_runtime_dependencies(/home/ni3nayka/Документы/GitHub/IRS-1_sber_hack_2026/install/arduinoDriver/share/colcon-core/packages/arduinoDriver)
[6.596s] Level 1:colcon.colcon_core.environment:checking '/home/ni3nayka/Документы/GitHub/IRS-1_sber_hack_2026/install/lidar' for CMake module files
[6.597s] DEBUG:colcon.colcon_core.event_handler.log_command:Invoked command in '/home/ni3nayka/Документы/GitHub/IRS-1_sber_hack_2026/lidar' returned '0': PYTHONPATH=/home/ni3nayka/Документы/GitHub/IRS-1_sber_hack_2026/build/lidar/prefix_override:/usr/lib/python3/dist-packages/colcon_core/task/python/colcon_distutils_commands:/home/ni3nayka/Документы/GitHub/IRS-1_sber_hack_2026/install/lidar/lib/python3.12/site-packages:${PYTHONPATH} /usr/bin/python3 -W ignore:setup.py install is deprecated -W ignore:easy_install command is deprecated setup.py egg_info --egg-base ../build/lidar build --build-base /home/ni3nayka/Документы/GitHub/IRS-1_sber_hack_2026/build/lidar/build install --record /home/ni3nayka/Документы/GitHub/IRS-1_sber_hack_2026/build/lidar/install.log --single-version-externally-managed install_data
[6.598s] Level 1:colcon.colcon_core.environment:checking '/home/ni3nayka/Документы/GitHub/IRS-1_sber_hack_2026/install/lidar' for CMake config files
[6.599s] Level 1:colcon.colcon_core.environment:checking '/home/ni3nayka/Документы/GitHub/IRS-1_sber_hack_2026/install/lidar/lib'
[6.599s] Level 1:colcon.colcon_core.environment:checking '/home/ni3nayka/Документы/GitHub/IRS-1_sber_hack_2026/install/lidar/bin'
[6.599s] Level 1:colcon.colcon_core.environment:checking '/home/ni3nayka/Документы/GitHub/IRS-1_sber_hack_2026/install/lidar/lib/pkgconfig/lidar.pc'
[6.599s] Level 1:colcon.colcon_core.environment:checking '/home/ni3nayka/Документы/GitHub/IRS-1_sber_hack_2026/install/lidar/lib/python3.12/site-packages'
[6.599s] Level 1:colcon.colcon_core.shell:create_environment_hook('lidar', 'pythonpath')
[6.600s] INFO:colcon.colcon_core.shell:Creating environment hook '/home/ni3nayka/Документы/GitHub/IRS-1_sber_hack_2026/install/lidar/share/lidar/hook/pythonpath.ps1'
[6.601s] INFO:colcon.colcon_core.shell:Creating environment descriptor '/home/ni3nayka/Документы/GitHub/IRS-1_sber_hack_2026/install/lidar/share/lidar/hook/pythonpath.dsv'
[6.602s] INFO:colcon.colcon_core.shell:Creating environment hook '/home/ni3nayka/Документы/GitHub/IRS-1_sber_hack_2026/install/lidar/share/lidar/hook/pythonpath.sh'
[6.603s] Level 1:colcon.colcon_core.environment:checking '/home/ni3nayka/Документы/GitHub/IRS-1_sber_hack_2026/install/lidar/bin'
[6.604s] Level 1:colcon.colcon_core.environment:create_environment_scripts_only(lidar)
[6.604s] INFO:colcon.colcon_core.shell:Creating package script '/home/ni3nayka/Документы/GitHub/IRS-1_sber_hack_2026/install/lidar/share/lidar/package.ps1'
[6.605s] INFO:colcon.colcon_core.shell:Creating package descriptor '/home/ni3nayka/Документы/GitHub/IRS-1_sber_hack_2026/install/lidar/share/lidar/package.dsv'
[6.606s] INFO:colcon.colcon_core.shell:Creating package script '/home/ni3nayka/Документы/GitHub/IRS-1_sber_hack_2026/install/lidar/share/lidar/package.sh'
[6.607s] INFO:colcon.colcon_core.shell:Creating package script '/home/ni3nayka/Документы/GitHub/IRS-1_sber_hack_2026/install/lidar/share/lidar/package.bash'
[6.608s] INFO:colcon.colcon_core.shell:Creating package script '/home/ni3nayka/Документы/GitHub/IRS-1_sber_hack_2026/install/lidar/share/lidar/package.zsh'
[6.609s] Level 1:colcon.colcon_core.environment:create_file_with_runtime_dependencies(/home/ni3nayka/Документы/GitHub/IRS-1_sber_hack_2026/install/lidar/share/colcon-core/packages/lidar)
[6.609s] DEBUG:colcon.colcon_parallel_executor.executor.parallel:closing loop
[6.610s] DEBUG:colcon.colcon_parallel_executor.executor.parallel:loop closed
[6.611s] DEBUG:colcon.colcon_parallel_executor.executor.parallel:run_until_complete finished with '0'
[6.611s] DEBUG:colcon.colcon_core.event_reactor:joining thread
[6.631s] INFO:colcon.colcon_core.plugin_system:Skipping extension 'colcon_notification.desktop_notification.terminal_notifier': Not used on non-Darwin systems
[6.632s] INFO:colcon.colcon_core.plugin_system:Skipping extension 'colcon_notification.desktop_notification.win32': Not used on non-Windows systems
[6.632s] INFO:colcon.colcon_notification.desktop_notification:Sending desktop notification using 'notify2'
[6.641s] DEBUG:colcon.colcon_core.event_reactor:joined thread
[6.642s] INFO:colcon.colcon_core.shell:Creating prefix script '/home/ni3nayka/Документы/GitHub/IRS-1_sber_hack_2026/install/local_setup.ps1'
[6.646s] INFO:colcon.colcon_core.shell:Creating prefix util module '/home/ni3nayka/Документы/GitHub/IRS-1_sber_hack_2026/install/_local_setup_util_ps1.py'
[6.652s] INFO:colcon.colcon_core.shell:Creating prefix chain script '/home/ni3nayka/Документы/GitHub/IRS-1_sber_hack_2026/install/setup.ps1'
[6.657s] INFO:colcon.colcon_core.shell:Creating prefix script '/home/ni3nayka/Документы/GitHub/IRS-1_sber_hack_2026/install/local_setup.sh'
[6.660s] INFO:colcon.colcon_core.shell:Creating prefix util module '/home/ni3nayka/Документы/GitHub/IRS-1_sber_hack_2026/install/_local_setup_util_sh.py'
[6.664s] INFO:colcon.colcon_core.shell:Creating prefix chain script '/home/ni3nayka/Документы/GitHub/IRS-1_sber_hack_2026/install/setup.sh'
[6.669s] INFO:colcon.colcon_core.shell:Creating prefix script '/home/ni3nayka/Документы/GitHub/IRS-1_sber_hack_2026/install/local_setup.bash'
[6.675s] INFO:colcon.colcon_core.shell:Creating prefix chain script '/home/ni3nayka/Документы/GitHub/IRS-1_sber_hack_2026/install/setup.bash'
[6.680s] INFO:colcon.colcon_core.shell:Creating prefix script '/home/ni3nayka/Документы/GitHub/IRS-1_sber_hack_2026/install/local_setup.zsh'
[6.683s] INFO:colcon.colcon_core.shell:Creating prefix chain script '/home/ni3nayka/Документы/GitHub/IRS-1_sber_hack_2026/install/setup.zsh'
