[0.144s] DEBUG:colcon:Command line arguments: ['/usr/bin/colcon', 'build']
[0.144s] DEBUG:colcon:Parsed command line arguments: Namespace(log_base=None, log_level=None, verb_name='build', build_base='build', install_base='install', merge_install=False, symlink_install=False, test_result_base=None, continue_on_error=False, executor='parallel', parallel_workers=12, event_handlers=None, ignore_user_meta=False, metas=['./colcon.meta'], base_paths=['.'], packages_ignore=None, packages_ignore_regex=None, paths=None, packages_up_to=None, packages_up_to_regex=None, packages_above=None, packages_above_and_dependencies=None, packages_above_depth=None, packages_select_by_dep=None, packages_skip_by_dep=None, packages_skip_up_to=None, packages_select_build_failed=False, packages_skip_build_finished=False, packages_select_test_failures=False, packages_skip_test_passed=False, packages_select=None, packages_skip=None, packages_select_regex=None, packages_skip_regex=None, packages_start=None, packages_end=None, allow_overriding=[], cmake_args=None, cmake_target=None, cmake_target_skip_unavailable=False, cmake_clean_cache=False, cmake_clean_first=False, cmake_force_configure=False, ament_cmake_args=None, catkin_cmake_args=None, catkin_skip_building_tests=False, verb_parser=<colcon_defaults.argument_parser.defaults.DefaultArgumentsDecorator object at 0x7f5cb3275130>, verb_extension=<colcon_core.verb.build.BuildVerb object at 0x7f5cb3274fb0>, main=<bound method BuildVerb.main of <colcon_core.verb.build.BuildVerb object at 0x7f5cb3274fb0>>)
[0.187s] Level 1:colcon.colcon_core.package_discovery:discover_packages(colcon_meta) check parameters
[0.187s] Level 1:colcon.colcon_core.package_discovery:discover_packages(recursive) check parameters
[0.188s] Level 1:colcon.colcon_core.package_discovery:discover_packages(ignore) check parameters
[0.188s] Level 1:colcon.colcon_core.package_discovery:discover_packages(path) check parameters
[0.188s] Level 1:colcon.colcon_core.package_discovery:discover_packages(colcon_meta) discover
[0.188s] Level 1:colcon.colcon_core.package_discovery:discover_packages(recursive) discover
[0.188s] INFO:colcon.colcon_core.package_discovery:Crawling recursively for packages in '/home/ni3nayka/Документы/GitHub/IRS-1_sber_hack_2026'
[0.188s] Level 1:colcon.colcon_core.package_identification:_identify(.) by extensions ['ignore', 'ignore_ament_install']
[0.188s] Level 1:colcon.colcon_core.package_identification:_identify(.) by extension 'ignore'
[0.188s] Level 1:colcon.colcon_core.package_identification:_identify(.) by extension 'ignore_ament_install'
[0.188s] Level 1:colcon.colcon_core.package_identification:_identify(.) by extensions ['colcon_pkg']
[0.188s] Level 1:colcon.colcon_core.package_identification:_identify(.) by extension 'colcon_pkg'
[0.188s] Level 1:colcon.colcon_core.package_identification:_identify(.) by extensions ['colcon_meta']
[0.189s] Level 1:colcon.colcon_core.package_identification:_identify(.) by extension 'colcon_meta'
[0.189s] Level 1:colcon.colcon_core.package_identification:_identify(.) by extensions ['ros']
[0.189s] Level 1:colcon.colcon_core.package_identification:_identify(.) by extension 'ros'
[0.220s] Level 1:colcon.colcon_core.package_identification:_identify(.) by extensions ['cmake', 'python']
[0.220s] Level 1:colcon.colcon_core.package_identification:_identify(.) by extension 'cmake'
[0.220s] Level 1:colcon.colcon_core.package_identification:_identify(.) by extension 'python'
[0.221s] Level 1:colcon.colcon_core.package_identification:_identify(.) by extensions ['python_setup_py']
[0.221s] Level 1:colcon.colcon_core.package_identification:_identify(.) by extension 'python_setup_py'
[0.221s] Level 1:colcon.colcon_core.package_identification:_identify(arduinoDriver) by extensions ['ignore', 'ignore_ament_install']
[0.221s] Level 1:colcon.colcon_core.package_identification:_identify(arduinoDriver) by extension 'ignore'
[0.221s] Level 1:colcon.colcon_core.package_identification:_identify(arduinoDriver) by extension 'ignore_ament_install'
[0.221s] Level 1:colcon.colcon_core.package_identification:_identify(arduinoDriver) by extensions ['colcon_pkg']
[0.221s] Level 1:colcon.colcon_core.package_identification:_identify(arduinoDriver) by extension 'colcon_pkg'
[0.221s] Level 1:colcon.colcon_core.package_identification:_identify(arduinoDriver) by extensions ['colcon_meta']
[0.221s] Level 1:colcon.colcon_core.package_identification:_identify(arduinoDriver) by extension 'colcon_meta'
[0.221s] Level 1:colcon.colcon_core.package_identification:_identify(arduinoDriver) by extensions ['ros']
[0.221s] Level 1:colcon.colcon_core.package_identification:_identify(arduinoDriver) by extension 'ros'
[0.224s] DEBUG:colcon.colcon_core.package_identification:Package 'arduinoDriver' with type 'ros.ament_python' and name 'arduinoDriver'
[0.224s] Level 1:colcon.colcon_core.package_identification:_identify(build) by extensions ['ignore', 'ignore_ament_install']
[0.225s] Level 1:colcon.colcon_core.package_identification:_identify(build) by extension 'ignore'
[0.225s] Level 1:colcon.colcon_core.package_identification:_identify(build) ignored
[0.225s] Level 1:colcon.colcon_core.package_identification:_identify(gy25) by extensions ['ignore', 'ignore_ament_install']
[0.225s] Level 1:colcon.colcon_core.package_identification:_identify(gy25) by extension 'ignore'
[0.225s] Level 1:colcon.colcon_core.package_identification:_identify(gy25) by extension 'ignore_ament_install'
[0.225s] Level 1:colcon.colcon_core.package_identification:_identify(gy25) by extensions ['colcon_pkg']
[0.225s] Level 1:colcon.colcon_core.package_identification:_identify(gy25) by extension 'colcon_pkg'
[0.225s] Level 1:colcon.colcon_core.package_identification:_identify(gy25) by extensions ['colcon_meta']
[0.225s] Level 1:colcon.colcon_core.package_identification:_identify(gy25) by extension 'colcon_meta'
[0.225s] Level 1:colcon.colcon_core.package_identification:_identify(gy25) by extensions ['ros']
[0.225s] Level 1:colcon.colcon_core.package_identification:_identify(gy25) by extension 'ros'
[0.226s] DEBUG:colcon.colcon_core.package_identification:Package 'gy25' with type 'ros.ament_python' and name 'gy25'
[0.226s] Level 1:colcon.colcon_core.package_identification:_identify(install) by extensions ['ignore', 'ignore_ament_install']
[0.226s] Level 1:colcon.colcon_core.package_identification:_identify(install) by extension 'ignore'
[0.226s] Level 1:colcon.colcon_core.package_identification:_identify(install) ignored
[0.226s] Level 1:colcon.colcon_core.package_identification:_identify(lidar) by extensions ['ignore', 'ignore_ament_install']
[0.226s] Level 1:colcon.colcon_core.package_identification:_identify(lidar) by extension 'ignore'
[0.227s] Level 1:colcon.colcon_core.package_identification:_identify(lidar) by extension 'ignore_ament_install'
[0.227s] Level 1:colcon.colcon_core.package_identification:_identify(lidar) by extensions ['colcon_pkg']
[0.227s] Level 1:colcon.colcon_core.package_identification:_identify(lidar) by extension 'colcon_pkg'
[0.227s] Level 1:colcon.colcon_core.package_identification:_identify(lidar) by extensions ['colcon_meta']
[0.227s] Level 1:colcon.colcon_core.package_identification:_identify(lidar) by extension 'colcon_meta'
[0.227s] Level 1:colcon.colcon_core.package_identification:_identify(lidar) by extensions ['ros']
[0.227s] Level 1:colcon.colcon_core.package_identification:_identify(lidar) by extension 'ros'
[0.227s] DEBUG:colcon.colcon_core.package_identification:Package 'lidar' with type 'ros.ament_python' and name 'lidar'
[0.227s] Level 1:colcon.colcon_core.package_identification:_identify(log) by extensions ['ignore', 'ignore_ament_install']
[0.228s] Level 1:colcon.colcon_core.package_identification:_identify(log) by extension 'ignore'
[0.228s] Level 1:colcon.colcon_core.package_identification:_identify(log) ignored
[0.228s] Level 1:colcon.colcon_core.package_identification:_identify(main) by extensions ['ignore', 'ignore_ament_install']
[0.228s] Level 1:colcon.colcon_core.package_identification:_identify(main) by extension 'ignore'
[0.228s] Level 1:colcon.colcon_core.package_identification:_identify(main) by extension 'ignore_ament_install'
[0.228s] Level 1:colcon.colcon_core.package_identification:_identify(main) by extensions ['colcon_pkg']
[0.228s] Level 1:colcon.colcon_core.package_identification:_identify(main) by extension 'colcon_pkg'
[0.228s] Level 1:colcon.colcon_core.package_identification:_identify(main) by extensions ['colcon_meta']
[0.228s] Level 1:colcon.colcon_core.package_identification:_identify(main) by extension 'colcon_meta'
[0.228s] Level 1:colcon.colcon_core.package_identification:_identify(main) by extensions ['ros']
[0.228s] Level 1:colcon.colcon_core.package_identification:_identify(main) by extension 'ros'
[0.229s] DEBUG:colcon.colcon_core.package_identification:Package 'main' with type 'ros.ament_python' and name 'main'
[0.229s] Level 1:colcon.colcon_core.package_discovery:discover_packages(recursive) using defaults
[0.229s] Level 1:colcon.colcon_core.package_discovery:discover_packages(ignore) discover
[0.229s] Level 1:colcon.colcon_core.package_discovery:discover_packages(ignore) using defaults
[0.229s] Level 1:colcon.colcon_core.package_discovery:discover_packages(path) discover
[0.229s] Level 1:colcon.colcon_core.package_discovery:discover_packages(path) using defaults
[0.262s] Level 1:colcon.colcon_core.package_discovery:discover_packages(prefix_path) check parameters
[0.263s] Level 1:colcon.colcon_core.package_discovery:discover_packages(prefix_path) discover
[0.268s] DEBUG:colcon.colcon_installed_package_information.package_discovery:Found 4 installed packages in /home/ni3nayka/Документы/GitHub/IRS-1_sber_hack_2026/install
[0.272s] DEBUG:colcon.colcon_installed_package_information.package_discovery:Found 286 installed packages in /opt/ros/jazzy
[0.275s] Level 1:colcon.colcon_core.package_discovery:discover_packages(prefix_path) using defaults
[0.326s] Level 5:colcon.colcon_core.verb:set package 'arduinoDriver' build argument 'cmake_args' from command line to 'None'
[0.326s] Level 5:colcon.colcon_core.verb:set package 'arduinoDriver' build argument 'cmake_target' from command line to 'None'
[0.326s] Level 5:colcon.colcon_core.verb:set package 'arduinoDriver' build argument 'cmake_target_skip_unavailable' from command line to 'False'
[0.326s] Level 5:colcon.colcon_core.verb:set package 'arduinoDriver' build argument 'cmake_clean_cache' from command line to 'False'
[0.326s] Level 5:colcon.colcon_core.verb:set package 'arduinoDriver' build argument 'cmake_clean_first' from command line to 'False'
[0.327s] Level 5:colcon.colcon_core.verb:set package 'arduinoDriver' build argument 'cmake_force_configure' from command line to 'False'
[0.327s] Level 5:colcon.colcon_core.verb:set package 'arduinoDriver' build argument 'ament_cmake_args' from command line to 'None'
[0.327s] Level 5:colcon.colcon_core.verb:set package 'arduinoDriver' build argument 'catkin_cmake_args' from command line to 'None'
[0.327s] Level 5:colcon.colcon_core.verb:set package 'arduinoDriver' build argument 'catkin_skip_building_tests' from command line to 'False'
[0.327s] DEBUG:colcon.colcon_core.verb:Building package 'arduinoDriver' with the following arguments: {'ament_cmake_args': None, 'build_base': '/home/ni3nayka/Документы/GitHub/IRS-1_sber_hack_2026/build/arduinoDriver', 'catkin_cmake_args': None, 'catkin_skip_building_tests': False, 'cmake_args': None, 'cmake_clean_cache': False, 'cmake_clean_first': False, 'cmake_force_configure': False, 'cmake_target': None, 'cmake_target_skip_unavailable': False, 'install_base': '/home/ni3nayka/Документы/GitHub/IRS-1_sber_hack_2026/install/arduinoDriver', 'merge_install': False, 'path': '/home/ni3nayka/Документы/GitHub/IRS-1_sber_hack_2026/arduinoDriver', 'symlink_install': False, 'test_result_base': None}
[0.327s] Level 5:colcon.colcon_core.verb:set package 'gy25' build argument 'cmake_args' from command line to 'None'
[0.327s] Level 5:colcon.colcon_core.verb:set package 'gy25' build argument 'cmake_target' from command line to 'None'
[0.327s] Level 5:colcon.colcon_core.verb:set package 'gy25' build argument 'cmake_target_skip_unavailable' from command line to 'False'
[0.327s] Level 5:colcon.colcon_core.verb:set package 'gy25' build argument 'cmake_clean_cache' from command line to 'False'
[0.327s] Level 5:colcon.colcon_core.verb:set package 'gy25' build argument 'cmake_clean_first' from command line to 'False'
[0.327s] Level 5:colcon.colcon_core.verb:set package 'gy25' build argument 'cmake_force_configure' from command line to 'False'
[0.327s] Level 5:colcon.colcon_core.verb:set package 'gy25' build argument 'ament_cmake_args' from command line to 'None'
[0.327s] Level 5:colcon.colcon_core.verb:set package 'gy25' build argument 'catkin_cmake_args' from command line to 'None'
[0.327s] Level 5:colcon.colcon_core.verb:set package 'gy25' build argument 'catkin_skip_building_tests' from command line to 'False'
[0.327s] DEBUG:colcon.colcon_core.verb:Building package 'gy25' with the following arguments: {'ament_cmake_args': None, 'build_base': '/home/ni3nayka/Документы/GitHub/IRS-1_sber_hack_2026/build/gy25', 'catkin_cmake_args': None, 'catkin_skip_building_tests': False, 'cmake_args': None, 'cmake_clean_cache': False, 'cmake_clean_first': False, 'cmake_force_configure': False, 'cmake_target': None, 'cmake_target_skip_unavailable': False, 'install_base': '/home/ni3nayka/Документы/GitHub/IRS-1_sber_hack_2026/install/gy25', 'merge_install': False, 'path': '/home/ni3nayka/Документы/GitHub/IRS-1_sber_hack_2026/gy25', 'symlink_install': False, 'test_result_base': None}
[0.327s] Level 5:colcon.colcon_core.verb:set package 'lidar' build argument 'cmake_args' from command line to 'None'
[0.327s] Level 5:colcon.colcon_core.verb:set package 'lidar' build argument 'cmake_target' from command line to 'None'
[0.327s] Level 5:colcon.colcon_core.verb:set package 'lidar' build argument 'cmake_target_skip_unavailable' from command line to 'False'
[0.327s] Level 5:colcon.colcon_core.verb:set package 'lidar' build argument 'cmake_clean_cache' from command line to 'False'
[0.327s] Level 5:colcon.colcon_core.verb:set package 'lidar' build argument 'cmake_clean_first' from command line to 'False'
[0.328s] Level 5:colcon.colcon_core.verb:set package 'lidar' build argument 'cmake_force_configure' from command line to 'False'
[0.328s] Level 5:colcon.colcon_core.verb:set package 'lidar' build argument 'ament_cmake_args' from command line to 'None'
[0.328s] Level 5:colcon.colcon_core.verb:set package 'lidar' build argument 'catkin_cmake_args' from command line to 'None'
[0.328s] Level 5:colcon.colcon_core.verb:set package 'lidar' build argument 'catkin_skip_building_tests' from command line to 'False'
[0.328s] DEBUG:colcon.colcon_core.verb:Building package 'lidar' with the following arguments: {'ament_cmake_args': None, 'build_base': '/home/ni3nayka/Документы/GitHub/IRS-1_sber_hack_2026/build/lidar', 'catkin_cmake_args': None, 'catkin_skip_building_tests': False, 'cmake_args': None, 'cmake_clean_cache': False, 'cmake_clean_first': False, 'cmake_force_configure': False, 'cmake_target': None, 'cmake_target_skip_unavailable': False, 'install_base': '/home/ni3nayka/Документы/GitHub/IRS-1_sber_hack_2026/install/lidar', 'merge_install': False, 'path': '/home/ni3nayka/Документы/GitHub/IRS-1_sber_hack_2026/lidar', 'symlink_install': False, 'test_result_base': None}
[0.328s] Level 5:colcon.colcon_core.verb:set package 'main' build argument 'cmake_args' from command line to 'None'
[0.328s] Level 5:colcon.colcon_core.verb:set package 'main' build argument 'cmake_target' from command line to 'None'
[0.328s] Level 5:colcon.colcon_core.verb:set package 'main' build argument 'cmake_target_skip_unavailable' from command line to 'False'
[0.328s] Level 5:colcon.colcon_core.verb:set package 'main' build argument 'cmake_clean_cache' from command line to 'False'
[0.328s] Level 5:colcon.colcon_core.verb:set package 'main' build argument 'cmake_clean_first' from command line to 'False'
[0.328s] Level 5:colcon.colcon_core.verb:set package 'main' build argument 'cmake_force_configure' from command line to 'False'
[0.328s] Level 5:colcon.colcon_core.verb:set package 'main' build argument 'ament_cmake_args' from command line to 'None'
[0.328s] Level 5:colcon.colcon_core.verb:set package 'main' build argument 'catkin_cmake_args' from command line to 'None'
[0.328s] Level 5:colcon.colcon_core.verb:set package 'main' build argument 'catkin_skip_building_tests' from command line to 'False'
[0.328s] DEBUG:colcon.colcon_core.verb:Building package 'main' with the following arguments: {'ament_cmake_args': None, 'build_base': '/home/ni3nayka/Документы/GitHub/IRS-1_sber_hack_2026/build/main', 'catkin_cmake_args': None, 'catkin_skip_building_tests': False, 'cmake_args': None, 'cmake_clean_cache': False, 'cmake_clean_first': False, 'cmake_force_configure': False, 'cmake_target': None, 'cmake_target_skip_unavailable': False, 'install_base': '/home/ni3nayka/Документы/GitHub/IRS-1_sber_hack_2026/install/main', 'merge_install': False, 'path': '/home/ni3nayka/Документы/GitHub/IRS-1_sber_hack_2026/main', 'symlink_install': False, 'test_result_base': None}
[0.328s] INFO:colcon.colcon_core.executor:Executing jobs using 'parallel' executor
[0.329s] DEBUG:colcon.colcon_parallel_executor.executor.parallel:run_until_complete
[0.330s] INFO:colcon.colcon_ros.task.ament_python.build:Building ROS package in '/home/ni3nayka/Документы/GitHub/IRS-1_sber_hack_2026/arduinoDriver' with build type 'ament_python'
[0.330s] Level 1:colcon.colcon_core.shell:create_environment_hook('arduinoDriver', 'ament_prefix_path')
[0.332s] INFO:colcon.colcon_core.plugin_system:Skipping extension 'colcon_core.shell.bat': Not used on non-Windows systems
[0.332s] INFO:colcon.colcon_core.shell:Creating environment hook '/home/ni3nayka/Документы/GitHub/IRS-1_sber_hack_2026/install/arduinoDriver/share/arduinoDriver/hook/ament_prefix_path.ps1'
[0.333s] INFO:colcon.colcon_core.shell:Creating environment descriptor '/home/ni3nayka/Документы/GitHub/IRS-1_sber_hack_2026/install/arduinoDriver/share/arduinoDriver/hook/ament_prefix_path.dsv'
[0.333s] INFO:colcon.colcon_core.shell:Creating environment hook '/home/ni3nayka/Документы/GitHub/IRS-1_sber_hack_2026/install/arduinoDriver/share/arduinoDriver/hook/ament_prefix_path.sh'
[0.334s] INFO:colcon.colcon_core.shell:Skip shell extension 'powershell' for command environment: Not usable outside of PowerShell
[0.334s] DEBUG:colcon.colcon_core.shell:Skip shell extension 'dsv' for command environment
[0.338s] INFO:colcon.colcon_ros.task.ament_python.build:Building ROS package in '/home/ni3nayka/Документы/GitHub/IRS-1_sber_hack_2026/gy25' with build type 'ament_python'
[0.338s] Level 1:colcon.colcon_core.shell:create_environment_hook('gy25', 'ament_prefix_path')
[0.338s] INFO:colcon.colcon_core.shell:Creating environment hook '/home/ni3nayka/Документы/GitHub/IRS-1_sber_hack_2026/install/gy25/share/gy25/hook/ament_prefix_path.ps1'
[0.339s] INFO:colcon.colcon_core.shell:Creating environment descriptor '/home/ni3nayka/Документы/GitHub/IRS-1_sber_hack_2026/install/gy25/share/gy25/hook/ament_prefix_path.dsv'
[0.339s] INFO:colcon.colcon_core.shell:Creating environment hook '/home/ni3nayka/Документы/GitHub/IRS-1_sber_hack_2026/install/gy25/share/gy25/hook/ament_prefix_path.sh'
[0.340s] INFO:colcon.colcon_core.shell:Skip shell extension 'powershell' for command environment: Not usable outside of PowerShell
[0.340s] DEBUG:colcon.colcon_core.shell:Skip shell extension 'dsv' for command environment
[0.344s] INFO:colcon.colcon_ros.task.ament_python.build:Building ROS package in '/home/ni3nayka/Документы/GitHub/IRS-1_sber_hack_2026/lidar' with build type 'ament_python'
[0.345s] Level 1:colcon.colcon_core.shell:create_environment_hook('lidar', 'ament_prefix_path')
[0.345s] INFO:colcon.colcon_core.shell:Creating environment hook '/home/ni3nayka/Документы/GitHub/IRS-1_sber_hack_2026/install/lidar/share/lidar/hook/ament_prefix_path.ps1'
[0.346s] INFO:colcon.colcon_core.shell:Creating environment descriptor '/home/ni3nayka/Документы/GitHub/IRS-1_sber_hack_2026/install/lidar/share/lidar/hook/ament_prefix_path.dsv'
[0.347s] INFO:colcon.colcon_core.shell:Creating environment hook '/home/ni3nayka/Документы/GitHub/IRS-1_sber_hack_2026/install/lidar/share/lidar/hook/ament_prefix_path.sh'
[0.348s] INFO:colcon.colcon_core.shell:Skip shell extension 'powershell' for command environment: Not usable outside of PowerShell
[0.348s] DEBUG:colcon.colcon_core.shell:Skip shell extension 'dsv' for command environment
[0.356s] INFO:colcon.colcon_ros.task.ament_python.build:Building ROS package in '/home/ni3nayka/Документы/GitHub/IRS-1_sber_hack_2026/main' with build type 'ament_python'
[0.357s] Level 1:colcon.colcon_core.shell:create_environment_hook('main', 'ament_prefix_path')
[0.357s] INFO:colcon.colcon_core.shell:Creating environment hook '/home/ni3nayka/Документы/GitHub/IRS-1_sber_hack_2026/install/main/share/main/hook/ament_prefix_path.ps1'
[0.359s] INFO:colcon.colcon_core.shell:Creating environment descriptor '/home/ni3nayka/Документы/GitHub/IRS-1_sber_hack_2026/install/main/share/main/hook/ament_prefix_path.dsv'
[0.360s] INFO:colcon.colcon_core.shell:Creating environment hook '/home/ni3nayka/Документы/GitHub/IRS-1_sber_hack_2026/install/main/share/main/hook/ament_prefix_path.sh'
[0.361s] INFO:colcon.colcon_core.shell:Skip shell extension 'powershell' for command environment: Not usable outside of PowerShell
[0.361s] DEBUG:colcon.colcon_core.shell:Skip shell extension 'dsv' for command environment
[0.885s] INFO:colcon.colcon_core.task.python.build:Building Python package in '/home/ni3nayka/Документы/GitHub/IRS-1_sber_hack_2026/arduinoDriver'
[0.886s] INFO:colcon.colcon_core.shell:Skip shell extension 'powershell' for command environment: Not usable outside of PowerShell
[0.886s] DEBUG:colcon.colcon_core.shell:Skip shell extension 'dsv' for command environment
[1.328s] INFO:colcon.colcon_core.task.python.build:Building Python package in '/home/ni3nayka/Документы/GitHub/IRS-1_sber_hack_2026/gy25'
[1.329s] INFO:colcon.colcon_core.shell:Skip shell extension 'powershell' for command environment: Not usable outside of PowerShell
[1.329s] DEBUG:colcon.colcon_core.shell:Skip shell extension 'dsv' for command environment
[1.704s] INFO:colcon.colcon_core.task.python.build:Building Python package in '/home/ni3nayka/Документы/GitHub/IRS-1_sber_hack_2026/lidar'
[1.705s] INFO:colcon.colcon_core.shell:Skip shell extension 'powershell' for command environment: Not usable outside of PowerShell
[1.705s] DEBUG:colcon.colcon_core.shell:Skip shell extension 'dsv' for command environment
[2.124s] INFO:colcon.colcon_core.task.python.build:Building Python package in '/home/ni3nayka/Документы/GitHub/IRS-1_sber_hack_2026/main'
[2.124s] INFO:colcon.colcon_core.shell:Skip shell extension 'powershell' for command environment: Not usable outside of PowerShell
[2.124s] DEBUG:colcon.colcon_core.shell:Skip shell extension 'dsv' for command environment
[3.852s] DEBUG:colcon.colcon_core.event_handler.log_command:Invoking command in '/home/ni3nayka/Документы/GitHub/IRS-1_sber_hack_2026/lidar': PYTHONPATH=/home/ni3nayka/Документы/GitHub/IRS-1_sber_hack_2026/build/lidar/prefix_override:/usr/lib/python3/dist-packages/colcon_core/task/python/colcon_distutils_commands:/home/ni3nayka/Документы/GitHub/IRS-1_sber_hack_2026/install/lidar/lib/python3.12/site-packages:${PYTHONPATH} /usr/bin/python3 -W ignore:setup.py install is deprecated -W ignore:easy_install command is deprecated setup.py egg_info --egg-base ../build/lidar build --build-base /home/ni3nayka/Документы/GitHub/IRS-1_sber_hack_2026/build/lidar/build install --record /home/ni3nayka/Документы/GitHub/IRS-1_sber_hack_2026/build/lidar/install.log --single-version-externally-managed install_data
[3.936s] DEBUG:colcon.colcon_core.event_handler.log_command:Invoking command in '/home/ni3nayka/Документы/GitHub/IRS-1_sber_hack_2026/gy25': PYTHONPATH=/home/ni3nayka/Документы/GitHub/IRS-1_sber_hack_2026/build/gy25/prefix_override:/usr/lib/python3/dist-packages/colcon_core/task/python/colcon_distutils_commands:/home/ni3nayka/Документы/GitHub/IRS-1_sber_hack_2026/install/gy25/lib/python3.12/site-packages:${PYTHONPATH} /usr/bin/python3 -W ignore:setup.py install is deprecated -W ignore:easy_install command is deprecated setup.py egg_info --egg-base ../build/gy25 build --build-base /home/ni3nayka/Документы/GitHub/IRS-1_sber_hack_2026/build/gy25/build install --record /home/ni3nayka/Документы/GitHub/IRS-1_sber_hack_2026/build/gy25/install.log --single-version-externally-managed install_data
[4.421s] DEBUG:colcon.colcon_core.event_handler.log_command:Invoking command in '/home/ni3nayka/Документы/GitHub/IRS-1_sber_hack_2026/main': PYTHONPATH=/home/ni3nayka/Документы/GitHub/IRS-1_sber_hack_2026/build/main/prefix_override:/usr/lib/python3/dist-packages/colcon_core/task/python/colcon_distutils_commands:/home/ni3nayka/Документы/GitHub/IRS-1_sber_hack_2026/install/main/lib/python3.12/site-packages:${PYTHONPATH} /usr/bin/python3 -W ignore:setup.py install is deprecated -W ignore:easy_install command is deprecated setup.py egg_info --egg-base ../build/main build --build-base /home/ni3nayka/Документы/GitHub/IRS-1_sber_hack_2026/build/main/build install --record /home/ni3nayka/Документы/GitHub/IRS-1_sber_hack_2026/build/main/install.log --single-version-externally-managed install_data
[4.466s] DEBUG:colcon.colcon_core.event_handler.log_command:Invoking command in '/home/ni3nayka/Документы/GitHub/IRS-1_sber_hack_2026/arduinoDriver': PYTHONPATH=/home/ni3nayka/Документы/GitHub/IRS-1_sber_hack_2026/build/arduinoDriver/prefix_override:/usr/lib/python3/dist-packages/colcon_core/task/python/colcon_distutils_commands:/home/ni3nayka/Документы/GitHub/IRS-1_sber_hack_2026/install/arduinoDriver/lib/python3.12/site-packages:${PYTHONPATH} /usr/bin/python3 -W ignore:setup.py install is deprecated -W ignore:easy_install command is deprecated setup.py egg_info --egg-base ../build/arduinoDriver build --build-base /home/ni3nayka/Документы/GitHub/IRS-1_sber_hack_2026/build/arduinoDriver/build install --record /home/ni3nayka/Документы/GitHub/IRS-1_sber_hack_2026/build/arduinoDriver/install.log --single-version-externally-managed install_data
[5.755s] DEBUG:colcon.colcon_core.event_handler.log_command:Invoked command in '/home/ni3nayka/Документы/GitHub/IRS-1_sber_hack_2026/gy25' returned '0': PYTHONPATH=/home/ni3nayka/Документы/GitHub/IRS-1_sber_hack_2026/build/gy25/prefix_override:/usr/lib/python3/dist-packages/colcon_core/task/python/colcon_distutils_commands:/home/ni3nayka/Документы/GitHub/IRS-1_sber_hack_2026/install/gy25/lib/python3.12/site-packages:${PYTHONPATH} /usr/bin/python3 -W ignore:setup.py install is deprecated -W ignore:easy_install command is deprecated setup.py egg_info --egg-base ../build/gy25 build --build-base /home/ni3nayka/Документы/GitHub/IRS-1_sber_hack_2026/build/gy25/build install --record /home/ni3nayka/Документы/GitHub/IRS-1_sber_hack_2026/build/gy25/install.log --single-version-externally-managed install_data
[5.759s] Level 1:colcon.colcon_core.environment:checking '/home/ni3nayka/Документы/GitHub/IRS-1_sber_hack_2026/install/gy25' for CMake module files
[5.761s] Level 1:colcon.colcon_core.environment:checking '/home/ni3nayka/Документы/GitHub/IRS-1_sber_hack_2026/install/gy25' for CMake config files
[5.762s] Level 1:colcon.colcon_core.environment:checking '/home/ni3nayka/Документы/GitHub/IRS-1_sber_hack_2026/install/gy25/lib'
[5.763s] Level 1:colcon.colcon_core.environment:checking '/home/ni3nayka/Документы/GitHub/IRS-1_sber_hack_2026/install/gy25/bin'
[5.763s] Level 1:colcon.colcon_core.environment:checking '/home/ni3nayka/Документы/GitHub/IRS-1_sber_hack_2026/install/gy25/lib/pkgconfig/gy25.pc'
[5.763s] Level 1:colcon.colcon_core.environment:checking '/home/ni3nayka/Документы/GitHub/IRS-1_sber_hack_2026/install/gy25/lib/python3.12/site-packages'
[5.764s] Level 1:colcon.colcon_core.shell:create_environment_hook('gy25', 'pythonpath')
[5.764s] INFO:colcon.colcon_core.shell:Creating environment hook '/home/ni3nayka/Документы/GitHub/IRS-1_sber_hack_2026/install/gy25/share/gy25/hook/pythonpath.ps1'
[5.765s] INFO:colcon.colcon_core.shell:Creating environment descriptor '/home/ni3nayka/Документы/GitHub/IRS-1_sber_hack_2026/install/gy25/share/gy25/hook/pythonpath.dsv'
[5.765s] INFO:colcon.colcon_core.shell:Creating environment hook '/home/ni3nayka/Документы/GitHub/IRS-1_sber_hack_2026/install/gy25/share/gy25/hook/pythonpath.sh'
[5.767s] Level 1:colcon.colcon_core.environment:checking '/home/ni3nayka/Документы/GitHub/IRS-1_sber_hack_2026/install/gy25/bin'
[5.767s] Level 1:colcon.colcon_core.environment:create_environment_scripts_only(gy25)
[5.767s] INFO:colcon.colcon_core.shell:Creating package script '/home/ni3nayka/Документы/GitHub/IRS-1_sber_hack_2026/install/gy25/share/gy25/package.ps1'
[5.769s] INFO:colcon.colcon_core.shell:Creating package descriptor '/home/ni3nayka/Документы/GitHub/IRS-1_sber_hack_2026/install/gy25/share/gy25/package.dsv'
[5.770s] INFO:colcon.colcon_core.shell:Creating package script '/home/ni3nayka/Документы/GitHub/IRS-1_sber_hack_2026/install/gy25/share/gy25/package.sh'
[5.771s] INFO:colcon.colcon_core.shell:Creating package script '/home/ni3nayka/Документы/GitHub/IRS-1_sber_hack_2026/install/gy25/share/gy25/package.bash'
[5.773s] INFO:colcon.colcon_core.shell:Creating package script '/home/ni3nayka/Документы/GitHub/IRS-1_sber_hack_2026/install/gy25/share/gy25/package.zsh'
[5.774s] Level 1:colcon.colcon_core.environment:create_file_with_runtime_dependencies(/home/ni3nayka/Документы/GitHub/IRS-1_sber_hack_2026/install/gy25/share/colcon-core/packages/gy25)
[6.164s] Level 1:colcon.colcon_core.environment:checking '/home/ni3nayka/Документы/GitHub/IRS-1_sber_hack_2026/install/arduinoDriver' for CMake module files
[6.166s] DEBUG:colcon.colcon_core.event_handler.log_command:Invoked command in '/home/ni3nayka/Документы/GitHub/IRS-1_sber_hack_2026/arduinoDriver' returned '0': PYTHONPATH=/home/ni3nayka/Документы/GitHub/IRS-1_sber_hack_2026/build/arduinoDriver/prefix_override:/usr/lib/python3/dist-packages/colcon_core/task/python/colcon_distutils_commands:/home/ni3nayka/Документы/GitHub/IRS-1_sber_hack_2026/install/arduinoDriver/lib/python3.12/site-packages:${PYTHONPATH} /usr/bin/python3 -W ignore:setup.py install is deprecated -W ignore:easy_install command is deprecated setup.py egg_info --egg-base ../build/arduinoDriver build --build-base /home/ni3nayka/Документы/GitHub/IRS-1_sber_hack_2026/build/arduinoDriver/build install --record /home/ni3nayka/Документы/GitHub/IRS-1_sber_hack_2026/build/arduinoDriver/install.log --single-version-externally-managed install_data
[6.168s] Level 1:colcon.colcon_core.environment:checking '/home/ni3nayka/Документы/GitHub/IRS-1_sber_hack_2026/install/arduinoDriver' for CMake config files
[6.170s] Level 1:colcon.colcon_core.environment:checking '/home/ni3nayka/Документы/GitHub/IRS-1_sber_hack_2026/install/arduinoDriver/lib'
[6.170s] Level 1:colcon.colcon_core.environment:checking '/home/ni3nayka/Документы/GitHub/IRS-1_sber_hack_2026/install/arduinoDriver/bin'
[6.171s] Level 1:colcon.colcon_core.environment:checking '/home/ni3nayka/Документы/GitHub/IRS-1_sber_hack_2026/install/arduinoDriver/lib/pkgconfig/arduinoDriver.pc'
[6.171s] Level 1:colcon.colcon_core.environment:checking '/home/ni3nayka/Документы/GitHub/IRS-1_sber_hack_2026/install/arduinoDriver/lib/python3.12/site-packages'
[6.172s] Level 1:colcon.colcon_core.shell:create_environment_hook('arduinoDriver', 'pythonpath')
[6.172s] INFO:colcon.colcon_core.shell:Creating environment hook '/home/ni3nayka/Документы/GitHub/IRS-1_sber_hack_2026/install/arduinoDriver/share/arduinoDriver/hook/pythonpath.ps1'
[6.174s] INFO:colcon.colcon_core.shell:Creating environment descriptor '/home/ni3nayka/Документы/GitHub/IRS-1_sber_hack_2026/install/arduinoDriver/share/arduinoDriver/hook/pythonpath.dsv'
[6.175s] INFO:colcon.colcon_core.shell:Creating environment hook '/home/ni3nayka/Документы/GitHub/IRS-1_sber_hack_2026/install/arduinoDriver/share/arduinoDriver/hook/pythonpath.sh'
[6.178s] Level 1:colcon.colcon_core.environment:checking '/home/ni3nayka/Документы/GitHub/IRS-1_sber_hack_2026/install/arduinoDriver/bin'
[6.178s] Level 1:colcon.colcon_core.environment:create_environment_scripts_only(arduinoDriver)
[6.179s] INFO:colcon.colcon_core.shell:Creating package script '/home/ni3nayka/Документы/GitHub/IRS-1_sber_hack_2026/install/arduinoDriver/share/arduinoDriver/package.ps1'
[6.182s] INFO:colcon.colcon_core.shell:Creating package descriptor '/home/ni3nayka/Документы/GitHub/IRS-1_sber_hack_2026/install/arduinoDriver/share/arduinoDriver/package.dsv'
[6.183s] INFO:colcon.colcon_core.shell:Creating package script '/home/ni3nayka/Документы/GitHub/IRS-1_sber_hack_2026/install/arduinoDriver/share/arduinoDriver/package.sh'
[6.185s] INFO:colcon.colcon_core.shell:Creating package script '/home/ni3nayka/Документы/GitHub/IRS-1_sber_hack_2026/install/arduinoDriver/share/arduinoDriver/package.bash'
[6.186s] INFO:colcon.colcon_core.shell:Creating package script '/home/ni3nayka/Документы/GitHub/IRS-1_sber_hack_2026/install/arduinoDriver/share/arduinoDriver/package.zsh'
[6.187s] Level 1:colcon.colcon_core.environment:create_file_with_runtime_dependencies(/home/ni3nayka/Документы/GitHub/IRS-1_sber_hack_2026/install/arduinoDriver/share/colcon-core/packages/arduinoDriver)
[6.192s] Level 1:colcon.colcon_core.environment:checking '/home/ni3nayka/Документы/GitHub/IRS-1_sber_hack_2026/install/lidar' for CMake module files
[6.195s] DEBUG:colcon.colcon_core.event_handler.log_command:Invoked command in '/home/ni3nayka/Документы/GitHub/IRS-1_sber_hack_2026/lidar' returned '0': PYTHONPATH=/home/ni3nayka/Документы/GitHub/IRS-1_sber_hack_2026/build/lidar/prefix_override:/usr/lib/python3/dist-packages/colcon_core/task/python/colcon_distutils_commands:/home/ni3nayka/Документы/GitHub/IRS-1_sber_hack_2026/install/lidar/lib/python3.12/site-packages:${PYTHONPATH} /usr/bin/python3 -W ignore:setup.py install is deprecated -W ignore:easy_install command is deprecated setup.py egg_info --egg-base ../build/lidar build --build-base /home/ni3nayka/Документы/GitHub/IRS-1_sber_hack_2026/build/lidar/build install --record /home/ni3nayka/Документы/GitHub/IRS-1_sber_hack_2026/build/lidar/install.log --single-version-externally-managed install_data
[6.196s] Level 1:colcon.colcon_core.environment:checking '/home/ni3nayka/Документы/GitHub/IRS-1_sber_hack_2026/install/lidar' for CMake config files
[6.199s] Level 1:colcon.colcon_core.environment:checking '/home/ni3nayka/Документы/GitHub/IRS-1_sber_hack_2026/install/lidar/lib'
[6.199s] Level 1:colcon.colcon_core.environment:checking '/home/ni3nayka/Документы/GitHub/IRS-1_sber_hack_2026/install/lidar/bin'
[6.200s] Level 1:colcon.colcon_core.environment:checking '/home/ni3nayka/Документы/GitHub/IRS-1_sber_hack_2026/install/lidar/lib/pkgconfig/lidar.pc'
[6.201s] Level 1:colcon.colcon_core.environment:checking '/home/ni3nayka/Документы/GitHub/IRS-1_sber_hack_2026/install/lidar/lib/python3.12/site-packages'
[6.201s] Level 1:colcon.colcon_core.shell:create_environment_hook('lidar', 'pythonpath')
[6.202s] INFO:colcon.colcon_core.shell:Creating environment hook '/home/ni3nayka/Документы/GitHub/IRS-1_sber_hack_2026/install/lidar/share/lidar/hook/pythonpath.ps1'
[6.204s] INFO:colcon.colcon_core.shell:Creating environment descriptor '/home/ni3nayka/Документы/GitHub/IRS-1_sber_hack_2026/install/lidar/share/lidar/hook/pythonpath.dsv'
[6.205s] INFO:colcon.colcon_core.shell:Creating environment hook '/home/ni3nayka/Документы/GitHub/IRS-1_sber_hack_2026/install/lidar/share/lidar/hook/pythonpath.sh'
[6.208s] Level 1:colcon.colcon_core.environment:checking '/home/ni3nayka/Документы/GitHub/IRS-1_sber_hack_2026/install/lidar/bin'
[6.208s] Level 1:colcon.colcon_core.environment:create_environment_scripts_only(lidar)
[6.209s] INFO:colcon.colcon_core.shell:Creating package script '/home/ni3nayka/Документы/GitHub/IRS-1_sber_hack_2026/install/lidar/share/lidar/package.ps1'
[6.210s] INFO:colcon.colcon_core.shell:Creating package descriptor '/home/ni3nayka/Документы/GitHub/IRS-1_sber_hack_2026/install/lidar/share/lidar/package.dsv'
[6.212s] INFO:colcon.colcon_core.shell:Creating package script '/home/ni3nayka/Документы/GitHub/IRS-1_sber_hack_2026/install/lidar/share/lidar/package.sh'
[6.214s] INFO:colcon.colcon_core.shell:Creating package script '/home/ni3nayka/Документы/GitHub/IRS-1_sber_hack_2026/install/lidar/share/lidar/package.bash'
[6.215s] INFO:colcon.colcon_core.shell:Creating package script '/home/ni3nayka/Документы/GitHub/IRS-1_sber_hack_2026/install/lidar/share/lidar/package.zsh'
[6.216s] Level 1:colcon.colcon_core.environment:create_file_with_runtime_dependencies(/home/ni3nayka/Документы/GitHub/IRS-1_sber_hack_2026/install/lidar/share/colcon-core/packages/lidar)
[6.360s] Level 1:colcon.colcon_core.environment:checking '/home/ni3nayka/Документы/GitHub/IRS-1_sber_hack_2026/install/main' for CMake module files
[6.361s] DEBUG:colcon.colcon_core.event_handler.log_command:Invoked command in '/home/ni3nayka/Документы/GitHub/IRS-1_sber_hack_2026/main' returned '0': PYTHONPATH=/home/ni3nayka/Документы/GitHub/IRS-1_sber_hack_2026/build/main/prefix_override:/usr/lib/python3/dist-packages/colcon_core/task/python/colcon_distutils_commands:/home/ni3nayka/Документы/GitHub/IRS-1_sber_hack_2026/install/main/lib/python3.12/site-packages:${PYTHONPATH} /usr/bin/python3 -W ignore:setup.py install is deprecated -W ignore:easy_install command is deprecated setup.py egg_info --egg-base ../build/main build --build-base /home/ni3nayka/Документы/GitHub/IRS-1_sber_hack_2026/build/main/build install --record /home/ni3nayka/Документы/GitHub/IRS-1_sber_hack_2026/build/main/install.log --single-version-externally-managed install_data
[6.362s] Level 1:colcon.colcon_core.environment:checking '/home/ni3nayka/Документы/GitHub/IRS-1_sber_hack_2026/install/main' for CMake config files
[6.364s] Level 1:colcon.colcon_core.environment:checking '/home/ni3nayka/Документы/GitHub/IRS-1_sber_hack_2026/install/main/lib'
[6.364s] Level 1:colcon.colcon_core.environment:checking '/home/ni3nayka/Документы/GitHub/IRS-1_sber_hack_2026/install/main/bin'
[6.364s] Level 1:colcon.colcon_core.environment:checking '/home/ni3nayka/Документы/GitHub/IRS-1_sber_hack_2026/install/main/lib/pkgconfig/main.pc'
[6.364s] Level 1:colcon.colcon_core.environment:checking '/home/ni3nayka/Документы/GitHub/IRS-1_sber_hack_2026/install/main/lib/python3.12/site-packages'
[6.365s] Level 1:colcon.colcon_core.shell:create_environment_hook('main', 'pythonpath')
[6.365s] INFO:colcon.colcon_core.shell:Creating environment hook '/home/ni3nayka/Документы/GitHub/IRS-1_sber_hack_2026/install/main/share/main/hook/pythonpath.ps1'
[6.366s] INFO:colcon.colcon_core.shell:Creating environment descriptor '/home/ni3nayka/Документы/GitHub/IRS-1_sber_hack_2026/install/main/share/main/hook/pythonpath.dsv'
[6.366s] INFO:colcon.colcon_core.shell:Creating environment hook '/home/ni3nayka/Документы/GitHub/IRS-1_sber_hack_2026/install/main/share/main/hook/pythonpath.sh'
[6.367s] Level 1:colcon.colcon_core.environment:checking '/home/ni3nayka/Документы/GitHub/IRS-1_sber_hack_2026/install/main/bin'
[6.367s] Level 1:colcon.colcon_core.environment:create_environment_scripts_only(main)
[6.368s] INFO:colcon.colcon_core.shell:Creating package script '/home/ni3nayka/Документы/GitHub/IRS-1_sber_hack_2026/install/main/share/main/package.ps1'
[6.369s] INFO:colcon.colcon_core.shell:Creating package descriptor '/home/ni3nayka/Документы/GitHub/IRS-1_sber_hack_2026/install/main/share/main/package.dsv'
[6.369s] INFO:colcon.colcon_core.shell:Creating package script '/home/ni3nayka/Документы/GitHub/IRS-1_sber_hack_2026/install/main/share/main/package.sh'
[6.370s] INFO:colcon.colcon_core.shell:Creating package script '/home/ni3nayka/Документы/GitHub/IRS-1_sber_hack_2026/install/main/share/main/package.bash'
[6.370s] INFO:colcon.colcon_core.shell:Creating package script '/home/ni3nayka/Документы/GitHub/IRS-1_sber_hack_2026/install/main/share/main/package.zsh'
[6.371s] Level 1:colcon.colcon_core.environment:create_file_with_runtime_dependencies(/home/ni3nayka/Документы/GitHub/IRS-1_sber_hack_2026/install/main/share/colcon-core/packages/main)
[6.371s] DEBUG:colcon.colcon_parallel_executor.executor.parallel:closing loop
[6.372s] DEBUG:colcon.colcon_parallel_executor.executor.parallel:loop closed
[6.372s] DEBUG:colcon.colcon_parallel_executor.executor.parallel:run_until_complete finished with '0'
[6.372s] DEBUG:colcon.colcon_core.event_reactor:joining thread
[6.391s] INFO:colcon.colcon_core.plugin_system:Skipping extension 'colcon_notification.desktop_notification.terminal_notifier': Not used on non-Darwin systems
[6.391s] INFO:colcon.colcon_core.plugin_system:Skipping extension 'colcon_notification.desktop_notification.win32': Not used on non-Windows systems
[6.392s] INFO:colcon.colcon_notification.desktop_notification:Sending desktop notification using 'notify2'
[6.402s] DEBUG:colcon.colcon_core.event_reactor:joined thread
[6.403s] INFO:colcon.colcon_core.shell:Creating prefix script '/home/ni3nayka/Документы/GitHub/IRS-1_sber_hack_2026/install/local_setup.ps1'
[6.405s] INFO:colcon.colcon_core.shell:Creating prefix util module '/home/ni3nayka/Документы/GitHub/IRS-1_sber_hack_2026/install/_local_setup_util_ps1.py'
[6.408s] INFO:colcon.colcon_core.shell:Creating prefix chain script '/home/ni3nayka/Документы/GitHub/IRS-1_sber_hack_2026/install/setup.ps1'
[6.411s] INFO:colcon.colcon_core.shell:Creating prefix script '/home/ni3nayka/Документы/GitHub/IRS-1_sber_hack_2026/install/local_setup.sh'
[6.413s] INFO:colcon.colcon_core.shell:Creating prefix util module '/home/ni3nayka/Документы/GitHub/IRS-1_sber_hack_2026/install/_local_setup_util_sh.py'
[6.415s] INFO:colcon.colcon_core.shell:Creating prefix chain script '/home/ni3nayka/Документы/GitHub/IRS-1_sber_hack_2026/install/setup.sh'
[6.417s] INFO:colcon.colcon_core.shell:Creating prefix script '/home/ni3nayka/Документы/GitHub/IRS-1_sber_hack_2026/install/local_setup.bash'
[6.419s] INFO:colcon.colcon_core.shell:Creating prefix chain script '/home/ni3nayka/Документы/GitHub/IRS-1_sber_hack_2026/install/setup.bash'
[6.421s] INFO:colcon.colcon_core.shell:Creating prefix script '/home/ni3nayka/Документы/GitHub/IRS-1_sber_hack_2026/install/local_setup.zsh'
[6.422s] INFO:colcon.colcon_core.shell:Creating prefix chain script '/home/ni3nayka/Документы/GitHub/IRS-1_sber_hack_2026/install/setup.zsh'
