running egg_info
writing ../build/main/main.egg-info/PKG-INFO
writing dependency_links to ../build/main/main.egg-info/dependency_links.txt
writing entry points to ../build/main/main.egg-info/entry_points.txt
writing requirements to ../build/main/main.egg-info/requires.txt
writing top-level names to ../build/main/main.egg-info/top_level.txt
reading manifest file '../build/main/main.egg-info/SOURCES.txt'
writing manifest file '../build/main/main.egg-info/SOURCES.txt'
running build
running build_py
copying main/main_node.py -> /home/ni3nayka/Документы/GitHub/IRS-1_sber_hack_2026/build/main/build/lib/main
running install
running install_lib
copying /home/ni3nayka/Документы/GitHub/IRS-1_sber_hack_2026/build/main/build/lib/main/main_node.py -> /home/ni3nayka/Документы/GitHub/IRS-1_sber_hack_2026/install/main/lib/python3.12/site-packages/main
byte-compiling /home/ni3nayka/Документы/GitHub/IRS-1_sber_hack_2026/install/main/lib/python3.12/site-packages/main/main_node.py to main_node.cpython-312.pyc
running install_data
running install_egg_info
removing '/home/ni3nayka/Документы/GitHub/IRS-1_sber_hack_2026/install/main/lib/python3.12/site-packages/main-0.0.0-py3.12.egg-info' (and everything under it)
Copying ../build/main/main.egg-info to /home/ni3nayka/Документы/GitHub/IRS-1_sber_hack_2026/install/main/lib/python3.12/site-packages/main-0.0.0-py3.12.egg-info
running install_scripts
Installing main script to /home/ni3nayka/Документы/GitHub/IRS-1_sber_hack_2026/install/main/lib/main
writing list of installed files to '/home/ni3nayka/Документы/GitHub/IRS-1_sber_hack_2026/build/main/install.log'
