[3.517s] Invoking command in '/home/ni3nayka/Документы/GitHub/IRS-1_sber_hack_2026/main': PYTHONPATH=/home/ni3nayka/Документы/GitHub/IRS-1_sber_hack_2026/build/main/prefix_override:/usr/lib/python3/dist-packages/colcon_core/task/python/colcon_distutils_commands:/home/ni3nayka/Документы/GitHub/IRS-1_sber_hack_2026/install/main/lib/python3.12/site-packages:${PYTHONPATH} /usr/bin/python3 -W ignore:setup.py install is deprecated -W ignore:easy_install command is deprecated setup.py egg_info --egg-base ../build/main build --build-base /home/ni3nayka/Документы/GitHub/IRS-1_sber_hack_2026/build/main/build install --record /home/ni3nayka/Документы/GitHub/IRS-1_sber_hack_2026/build/main/install.log --single-version-externally-managed install_data
[4.268s] running egg_info
[4.338s] writing ../build/main/main.egg-info/PKG-INFO
[4.338s] writing dependency_links to ../build/main/main.egg-info/dependency_links.txt
[4.339s] writing entry points to ../build/main/main.egg-info/entry_points.txt
[4.339s] writing requirements to ../build/main/main.egg-info/requires.txt
[4.340s] writing top-level names to ../build/main/main.egg-info/top_level.txt
[4.461s] reading manifest file '../build/main/main.egg-info/SOURCES.txt'
[4.463s] writing manifest file '../build/main/main.egg-info/SOURCES.txt'
[4.464s] running build
[4.464s] running build_py
[4.464s] running install
[4.481s] running install_lib
[4.554s] running install_data
[4.554s] running install_egg_info
[4.612s] removing '/home/ni3nayka/Документы/GitHub/IRS-1_sber_hack_2026/install/main/lib/python3.12/site-packages/main-0.0.0-py3.12.egg-info' (and everything under it)
[4.614s] Copying ../build/main/main.egg-info to /home/ni3nayka/Документы/GitHub/IRS-1_sber_hack_2026/install/main/lib/python3.12/site-packages/main-0.0.0-py3.12.egg-info
[4.619s] running install_scripts
[5.003s] Installing main script to /home/ni3nayka/Документы/GitHub/IRS-1_sber_hack_2026/install/main/lib/main
[5.004s] writing list of installed files to '/home/ni3nayka/Документы/GitHub/IRS-1_sber_hack_2026/build/main/install.log'
[5.082s] Invoked command in '/home/ni3nayka/Документы/GitHub/IRS-1_sber_hack_2026/main' returned '0': PYTHONPATH=/home/ni3nayka/Документы/GitHub/IRS-1_sber_hack_2026/build/main/prefix_override:/usr/lib/python3/dist-packages/colcon_core/task/python/colcon_distutils_commands:/home/ni3nayka/Документы/GitHub/IRS-1_sber_hack_2026/install/main/lib/python3.12/site-packages:${PYTHONPATH} /usr/bin/python3 -W ignore:setup.py install is deprecated -W ignore:easy_install command is deprecated setup.py egg_info --egg-base ../build/main build --build-base /home/ni3nayka/Документы/GitHub/IRS-1_sber_hack_2026/build/main/build install --record /home/ni3nayka/Документы/GitHub/IRS-1_sber_hack_2026/build/main/install.log --single-version-externally-managed install_data
