[4.069s] Invoking command in '/home/ni3nayka/Документы/GitHub/IRS-1_sber_hack_2026/arduinoDriver': PYTHONPATH=/home/ni3nayka/Документы/GitHub/IRS-1_sber_hack_2026/build/arduinoDriver/prefix_override:/usr/lib/python3/dist-packages/colcon_core/task/python/colcon_distutils_commands:/home/ni3nayka/Документы/GitHub/IRS-1_sber_hack_2026/install/arduinoDriver/lib/python3.12/site-packages:${PYTHONPATH} /usr/bin/python3 -W ignore:setup.py install is deprecated -W ignore:easy_install command is deprecated setup.py egg_info --egg-base ../build/arduinoDriver build --build-base /home/ni3nayka/Документы/GitHub/IRS-1_sber_hack_2026/build/arduinoDriver/build install --record /home/ni3nayka/Документы/GitHub/IRS-1_sber_hack_2026/build/arduinoDriver/install.log --single-version-externally-managed install_data
[4.875s] running egg_info
[4.923s] writing ../build/arduinoDriver/arduinoDriver.egg-info/PKG-INFO
[4.924s] writing dependency_links to ../build/arduinoDriver/arduinoDriver.egg-info/dependency_links.txt
[4.924s] writing entry points to ../build/arduinoDriver/arduinoDriver.egg-info/entry_points.txt
[4.924s] writing requirements to ../build/arduinoDriver/arduinoDriver.egg-info/requires.txt
[4.925s] writing top-level names to ../build/arduinoDriver/arduinoDriver.egg-info/top_level.txt
[5.033s] reading manifest file '../build/arduinoDriver/arduinoDriver.egg-info/SOURCES.txt'
[5.035s] writing manifest file '../build/arduinoDriver/arduinoDriver.egg-info/SOURCES.txt'
[5.035s] running build
[5.036s] running build_py
[5.036s] copying arduinoDriver/arduinoDriver_node.py -> /home/ni3nayka/Документы/GitHub/IRS-1_sber_hack_2026/build/arduinoDriver/build/lib/arduinoDriver
[5.036s] running install
[5.053s] running install_lib
[5.119s] copying /home/ni3nayka/Документы/GitHub/IRS-1_sber_hack_2026/build/arduinoDriver/build/lib/arduinoDriver/arduinoDriver_node.py -> /home/ni3nayka/Документы/GitHub/IRS-1_sber_hack_2026/install/arduinoDriver/lib/python3.12/site-packages/arduinoDriver
[5.121s] byte-compiling /home/ni3nayka/Документы/GitHub/IRS-1_sber_hack_2026/install/arduinoDriver/lib/python3.12/site-packages/arduinoDriver/arduinoDriver_node.py to arduinoDriver_node.cpython-312.pyc
[5.124s] running install_data
[5.124s] running install_egg_info
[5.194s] removing '/home/ni3nayka/Документы/GitHub/IRS-1_sber_hack_2026/install/arduinoDriver/lib/python3.12/site-packages/arduinoDriver-0.0.0-py3.12.egg-info' (and everything under it)
[5.195s] Copying ../build/arduinoDriver/arduinoDriver.egg-info to /home/ni3nayka/Документы/GitHub/IRS-1_sber_hack_2026/install/arduinoDriver/lib/python3.12/site-packages/arduinoDriver-0.0.0-py3.12.egg-info
[5.198s] running install_scripts
[5.573s] Installing arduinoDriver script to /home/ni3nayka/Документы/GitHub/IRS-1_sber_hack_2026/install/arduinoDriver/lib/arduinoDriver
[5.574s] writing list of installed files to '/home/ni3nayka/Документы/GitHub/IRS-1_sber_hack_2026/build/arduinoDriver/install.log'
[5.641s] Invoked command in '/home/ni3nayka/Документы/GitHub/IRS-1_sber_hack_2026/arduinoDriver' returned '0': PYTHONPATH=/home/ni3nayka/Документы/GitHub/IRS-1_sber_hack_2026/build/arduinoDriver/prefix_override:/usr/lib/python3/dist-packages/colcon_core/task/python/colcon_distutils_commands:/home/ni3nayka/Документы/GitHub/IRS-1_sber_hack_2026/install/arduinoDriver/lib/python3.12/site-packages:${PYTHONPATH} /usr/bin/python3 -W ignore:setup.py install is deprecated -W ignore:easy_install command is deprecated setup.py egg_info --egg-base ../build/arduinoDriver build --build-base /home/ni3nayka/Документы/GitHub/IRS-1_sber_hack_2026/build/arduinoDriver/build install --record /home/ni3nayka/Документы/GitHub/IRS-1_sber_hack_2026/build/arduinoDriver/install.log --single-version-externally-managed install_data
