running egg_info
creating ../build/gy25/gy25.egg-info
writing ../build/gy25/gy25.egg-info/PKG-INFO
writing dependency_links to ../build/gy25/gy25.egg-info/dependency_links.txt
writing requirements to ../build/gy25/gy25.egg-info/requires.txt
writing top-level names to ../build/gy25/gy25.egg-info/top_level.txt
writing manifest file '../build/gy25/gy25.egg-info/SOURCES.txt'
reading manifest file '../build/gy25/gy25.egg-info/SOURCES.txt'
writing manifest file '../build/gy25/gy25.egg-info/SOURCES.txt'
running build
running build_py
creating /home/ni3nayka/Документы/GitHub/IRS-1_sber_hack_2026/build/gy25/build
creating /home/ni3nayka/Документы/GitHub/IRS-1_sber_hack_2026/build/gy25/build/lib
creating /home/ni3nayka/Документы/GitHub/IRS-1_sber_hack_2026/build/gy25/build/lib/gy25
copying gy25/__init__.py -> /home/ni3nayka/Документы/GitHub/IRS-1_sber_hack_2026/build/gy25/build/lib/gy25
running install
running install_lib
creating /home/ni3nayka/Документы/GitHub/IRS-1_sber_hack_2026/install/gy25/lib/python3.12/site-packages/gy25
copying /home/ni3nayka/Документы/GitHub/IRS-1_sber_hack_2026/build/gy25/build/lib/gy25/__init__.py -> /home/ni3nayka/Документы/GitHub/IRS-1_sber_hack_2026/install/gy25/lib/python3.12/site-packages/gy25
byte-compiling /home/ni3nayka/Документы/GitHub/IRS-1_sber_hack_2026/install/gy25/lib/python3.12/site-packages/gy25/__init__.py to __init__.cpython-312.pyc
running install_data
creating /home/ni3nayka/Документы/GitHub/IRS-1_sber_hack_2026/install/gy25/share/ament_index
creating /home/ni3nayka/Документы/GitHub/IRS-1_sber_hack_2026/install/gy25/share/ament_index/resource_index
creating /home/ni3nayka/Документы/GitHub/IRS-1_sber_hack_2026/install/gy25/share/ament_index/resource_index/packages
copying resource/gy25 -> /home/ni3nayka/Документы/GitHub/IRS-1_sber_hack_2026/install/gy25/share/ament_index/resource_index/packages
copying package.xml -> /home/ni3nayka/Документы/GitHub/IRS-1_sber_hack_2026/install/gy25/share/gy25
running install_egg_info
Copying ../build/gy25/gy25.egg-info to /home/ni3nayka/Документы/GitHub/IRS-1_sber_hack_2026/install/gy25/lib/python3.12/site-packages/gy25-0.0.0-py3.12.egg-info
running install_scripts
writing list of installed files to '/home/ni3nayka/Документы/GitHub/IRS-1_sber_hack_2026/build/gy25/install.log'
