[4.104s] Invoking command in '/home/ni3nayka/Документы/GitHub/IRS-1_sber_hack_2026/gy25': PYTHONPATH=/home/ni3nayka/Документы/GitHub/IRS-1_sber_hack_2026/build/gy25/prefix_override:/usr/lib/python3/dist-packages/colcon_core/task/python/colcon_distutils_commands:/home/ni3nayka/Документы/GitHub/IRS-1_sber_hack_2026/install/gy25/lib/python3.12/site-packages:${PYTHONPATH} /usr/bin/python3 -W ignore:setup.py install is deprecated -W ignore:easy_install command is deprecated setup.py egg_info --egg-base ../build/gy25 build --build-base /home/ni3nayka/Документы/GitHub/IRS-1_sber_hack_2026/build/gy25/build install --record /home/ni3nayka/Документы/GitHub/IRS-1_sber_hack_2026/build/gy25/install.log --single-version-externally-managed install_data
[5.206s] running egg_info
[5.207s] creating ../build/gy25/gy25.egg-info
[5.305s] writing ../build/gy25/gy25.egg-info/PKG-INFO
[5.306s] writing dependency_links to ../build/gy25/gy25.egg-info/dependency_links.txt
[5.307s] writing requirements to ../build/gy25/gy25.egg-info/requires.txt
[5.308s] writing top-level names to ../build/gy25/gy25.egg-info/top_level.txt
[5.309s] writing manifest file '../build/gy25/gy25.egg-info/SOURCES.txt'
[5.472s] reading manifest file '../build/gy25/gy25.egg-info/SOURCES.txt'
[5.474s] writing manifest file '../build/gy25/gy25.egg-info/SOURCES.txt'
[5.476s] running build
[5.476s] running build_py
[5.477s] creating /home/ni3nayka/Документы/GitHub/IRS-1_sber_hack_2026/build/gy25/build
[5.477s] creating /home/ni3nayka/Документы/GitHub/IRS-1_sber_hack_2026/build/gy25/build/lib
[5.477s] creating /home/ni3nayka/Документы/GitHub/IRS-1_sber_hack_2026/build/gy25/build/lib/gy25
[5.478s] copying gy25/__init__.py -> /home/ni3nayka/Документы/GitHub/IRS-1_sber_hack_2026/build/gy25/build/lib/gy25
[5.479s] running install
[5.491s] running install_lib
[5.560s] creating /home/ni3nayka/Документы/GitHub/IRS-1_sber_hack_2026/install/gy25/lib/python3.12/site-packages/gy25
[5.560s] copying /home/ni3nayka/Документы/GitHub/IRS-1_sber_hack_2026/build/gy25/build/lib/gy25/__init__.py -> /home/ni3nayka/Документы/GitHub/IRS-1_sber_hack_2026/install/gy25/lib/python3.12/site-packages/gy25
[5.562s] byte-compiling /home/ni3nayka/Документы/GitHub/IRS-1_sber_hack_2026/install/gy25/lib/python3.12/site-packages/gy25/__init__.py to __init__.cpython-312.pyc
[5.563s] running install_data
[5.564s] creating /home/ni3nayka/Документы/GitHub/IRS-1_sber_hack_2026/install/gy25/share/ament_index
[5.564s] creating /home/ni3nayka/Документы/GitHub/IRS-1_sber_hack_2026/install/gy25/share/ament_index/resource_index
[5.565s] creating /home/ni3nayka/Документы/GitHub/IRS-1_sber_hack_2026/install/gy25/share/ament_index/resource_index/packages
[5.565s] copying resource/gy25 -> /home/ni3nayka/Документы/GitHub/IRS-1_sber_hack_2026/install/gy25/share/ament_index/resource_index/packages
[5.565s] copying package.xml -> /home/ni3nayka/Документы/GitHub/IRS-1_sber_hack_2026/install/gy25/share/gy25
[5.566s] running install_egg_info
[5.620s] Copying ../build/gy25/gy25.egg-info to /home/ni3nayka/Документы/GitHub/IRS-1_sber_hack_2026/install/gy25/lib/python3.12/site-packages/gy25-0.0.0-py3.12.egg-info
[5.622s] running install_scripts
[6.010s] writing list of installed files to '/home/ni3nayka/Документы/GitHub/IRS-1_sber_hack_2026/build/gy25/install.log'
[6.121s] Invoked command in '/home/ni3nayka/Документы/GitHub/IRS-1_sber_hack_2026/gy25' returned '0': PYTHONPATH=/home/ni3nayka/Документы/GitHub/IRS-1_sber_hack_2026/build/gy25/prefix_override:/usr/lib/python3/dist-packages/colcon_core/task/python/colcon_distutils_commands:/home/ni3nayka/Документы/GitHub/IRS-1_sber_hack_2026/install/gy25/lib/python3.12/site-packages:${PYTHONPATH} /usr/bin/python3 -W ignore:setup.py install is deprecated -W ignore:easy_install command is deprecated setup.py egg_info --egg-base ../build/gy25 build --build-base /home/ni3nayka/Документы/GitHub/IRS-1_sber_hack_2026/build/gy25/build install --record /home/ni3nayka/Документы/GitHub/IRS-1_sber_hack_2026/build/gy25/install.log --single-version-externally-managed install_data
