running egg_info
creating ../build/arduinoDriver/arduinoDriver.egg-info
writing ../build/arduinoDriver/arduinoDriver.egg-info/PKG-INFO
writing dependency_links to ../build/arduinoDriver/arduinoDriver.egg-info/dependency_links.txt
writing entry points to ../build/arduinoDriver/arduinoDriver.egg-info/entry_points.txt
writing requirements to ../build/arduinoDriver/arduinoDriver.egg-info/requires.txt
writing top-level names to ../build/arduinoDriver/arduinoDriver.egg-info/top_level.txt
writing manifest file '../build/arduinoDriver/arduinoDriver.egg-info/SOURCES.txt'
reading manifest file '../build/arduinoDriver/arduinoDriver.egg-info/SOURCES.txt'
writing manifest file '../build/arduinoDriver/arduinoDriver.egg-info/SOURCES.txt'
running build
running build_py
creating /home/ni3nayka/Документы/GitHub/IRS-1_sber_hack_2026/build/arduinoDriver/build
creating /home/ni3nayka/Документы/GitHub/IRS-1_sber_hack_2026/build/arduinoDriver/build/lib
creating /home/ni3nayka/Документы/GitHub/IRS-1_sber_hack_2026/build/arduinoDriver/build/lib/arduinoDriver
copying arduinoDriver/__init__.py -> /home/ni3nayka/Документы/GitHub/IRS-1_sber_hack_2026/build/arduinoDriver/build/lib/arduinoDriver
copying arduinoDriver/arduinoDriver_node.py -> /home/ni3nayka/Документы/GitHub/IRS-1_sber_hack_2026/build/arduinoDriver/build/lib/arduinoDriver
running install
running install_lib
creating /home/ni3nayka/Документы/GitHub/IRS-1_sber_hack_2026/install/arduinoDriver/lib/python3.12/site-packages/arduinoDriver
copying /home/ni3nayka/Документы/GitHub/IRS-1_sber_hack_2026/build/arduinoDriver/build/lib/arduinoDriver/__init__.py -> /home/ni3nayka/Документы/GitHub/IRS-1_sber_hack_2026/install/arduinoDriver/lib/python3.12/site-packages/arduinoDriver
copying /home/ni3nayka/Документы/GitHub/IRS-1_sber_hack_2026/build/arduinoDriver/build/lib/arduinoDriver/arduinoDriver_node.py -> /home/ni3nayka/Документы/GitHub/IRS-1_sber_hack_2026/install/arduinoDriver/lib/python3.12/site-packages/arduinoDriver
byte-compiling /home/ni3nayka/Документы/GitHub/IRS-1_sber_hack_2026/install/arduinoDriver/lib/python3.12/site-packages/arduinoDriver/__init__.py to __init__.cpython-312.pyc
byte-compiling /home/ni3nayka/Документы/GitHub/IRS-1_sber_hack_2026/install/arduinoDriver/lib/python3.12/site-packages/arduinoDriver/arduinoDriver_node.py to arduinoDriver_node.cpython-312.pyc
running install_data
creating /home/ni3nayka/Документы/GitHub/IRS-1_sber_hack_2026/install/arduinoDriver/share/ament_index
creating /home/ni3nayka/Документы/GitHub/IRS-1_sber_hack_2026/install/arduinoDriver/share/ament_index/resource_index
creating /home/ni3nayka/Документы/GitHub/IRS-1_sber_hack_2026/install/arduinoDriver/share/ament_index/resource_index/packages
copying resource/arduinoDriver -> /home/ni3nayka/Документы/GitHub/IRS-1_sber_hack_2026/install/arduinoDriver/share/ament_index/resource_index/packages
copying package.xml -> /home/ni3nayka/Документы/GitHub/IRS-1_sber_hack_2026/install/arduinoDriver/share/arduinoDriver
running install_egg_info
Copying ../build/arduinoDriver/arduinoDriver.egg-info to /home/ni3nayka/Документы/GitHub/IRS-1_sber_hack_2026/install/arduinoDriver/lib/python3.12/site-packages/arduinoDriver-0.0.0-py3.12.egg-info
running install_scripts
Installing arduinoDriver script to /home/ni3nayka/Документы/GitHub/IRS-1_sber_hack_2026/install/arduinoDriver/lib/arduinoDriver
writing list of installed files to '/home/ni3nayka/Документы/GitHub/IRS-1_sber_hack_2026/build/arduinoDriver/install.log'
