[4.195s] Invoking command in '/home/ni3nayka/Документы/GitHub/IRS-1_sber_hack_2026/arduinoDriver': PYTHONPATH=/home/ni3nayka/Документы/GitHub/IRS-1_sber_hack_2026/build/arduinoDriver/prefix_override:/usr/lib/python3/dist-packages/colcon_core/task/python/colcon_distutils_commands:/home/ni3nayka/Документы/GitHub/IRS-1_sber_hack_2026/install/arduinoDriver/lib/python3.12/site-packages:${PYTHONPATH} /usr/bin/python3 -W ignore:setup.py install is deprecated -W ignore:easy_install command is deprecated setup.py egg_info --egg-base ../build/arduinoDriver build --build-base /home/ni3nayka/Документы/GitHub/IRS-1_sber_hack_2026/build/arduinoDriver/build install --record /home/ni3nayka/Документы/GitHub/IRS-1_sber_hack_2026/build/arduinoDriver/install.log --single-version-externally-managed install_data
[5.162s] running egg_info
[5.163s] creating ../build/arduinoDriver/arduinoDriver.egg-info
[5.221s] writing ../build/arduinoDriver/arduinoDriver.egg-info/PKG-INFO
[5.222s] writing dependency_links to ../build/arduinoDriver/arduinoDriver.egg-info/dependency_links.txt
[5.222s] writing entry points to ../build/arduinoDriver/arduinoDriver.egg-info/entry_points.txt
[5.223s] writing requirements to ../build/arduinoDriver/arduinoDriver.egg-info/requires.txt
[5.224s] writing top-level names to ../build/arduinoDriver/arduinoDriver.egg-info/top_level.txt
[5.224s] writing manifest file '../build/arduinoDriver/arduinoDriver.egg-info/SOURCES.txt'
[5.342s] reading manifest file '../build/arduinoDriver/arduinoDriver.egg-info/SOURCES.txt'
[5.343s] writing manifest file '../build/arduinoDriver/arduinoDriver.egg-info/SOURCES.txt'
[5.344s] running build
[5.344s] running build_py
[5.345s] creating /home/ni3nayka/Документы/GitHub/IRS-1_sber_hack_2026/build/arduinoDriver/build
[5.345s] creating /home/ni3nayka/Документы/GitHub/IRS-1_sber_hack_2026/build/arduinoDriver/build/lib
[5.345s] creating /home/ni3nayka/Документы/GitHub/IRS-1_sber_hack_2026/build/arduinoDriver/build/lib/arduinoDriver
[5.346s] copying arduinoDriver/__init__.py -> /home/ni3nayka/Документы/GitHub/IRS-1_sber_hack_2026/build/arduinoDriver/build/lib/arduinoDriver
[5.346s] copying arduinoDriver/arduinoDriver_node.py -> /home/ni3nayka/Документы/GitHub/IRS-1_sber_hack_2026/build/arduinoDriver/build/lib/arduinoDriver
[5.346s] running install
[5.365s] running install_lib
[5.421s] creating /home/ni3nayka/Документы/GitHub/IRS-1_sber_hack_2026/install/arduinoDriver/lib/python3.12/site-packages/arduinoDriver
[5.422s] copying /home/ni3nayka/Документы/GitHub/IRS-1_sber_hack_2026/build/arduinoDriver/build/lib/arduinoDriver/__init__.py -> /home/ni3nayka/Документы/GitHub/IRS-1_sber_hack_2026/install/arduinoDriver/lib/python3.12/site-packages/arduinoDriver
[5.422s] copying /home/ni3nayka/Документы/GitHub/IRS-1_sber_hack_2026/build/arduinoDriver/build/lib/arduinoDriver/arduinoDriver_node.py -> /home/ni3nayka/Документы/GitHub/IRS-1_sber_hack_2026/install/arduinoDriver/lib/python3.12/site-packages/arduinoDriver
[5.423s] byte-compiling /home/ni3nayka/Документы/GitHub/IRS-1_sber_hack_2026/install/arduinoDriver/lib/python3.12/site-packages/arduinoDriver/__init__.py to __init__.cpython-312.pyc
[5.423s] byte-compiling /home/ni3nayka/Документы/GitHub/IRS-1_sber_hack_2026/install/arduinoDriver/lib/python3.12/site-packages/arduinoDriver/arduinoDriver_node.py to arduinoDriver_node.cpython-312.pyc
[5.426s] running install_data
[5.427s] creating /home/ni3nayka/Документы/GitHub/IRS-1_sber_hack_2026/install/arduinoDriver/share/ament_index
[5.427s] creating /home/ni3nayka/Документы/GitHub/IRS-1_sber_hack_2026/install/arduinoDriver/share/ament_index/resource_index
[5.428s] creating /home/ni3nayka/Документы/GitHub/IRS-1_sber_hack_2026/install/arduinoDriver/share/ament_index/resource_index/packages
[5.428s] copying resource/arduinoDriver -> /home/ni3nayka/Документы/GitHub/IRS-1_sber_hack_2026/install/arduinoDriver/share/ament_index/resource_index/packages
[5.428s] copying package.xml -> /home/ni3nayka/Документы/GitHub/IRS-1_sber_hack_2026/install/arduinoDriver/share/arduinoDriver
[5.429s] running install_egg_info
[5.493s] Copying ../build/arduinoDriver/arduinoDriver.egg-info to /home/ni3nayka/Документы/GitHub/IRS-1_sber_hack_2026/install/arduinoDriver/lib/python3.12/site-packages/arduinoDriver-0.0.0-py3.12.egg-info
[5.495s] running install_scripts
[5.891s] Installing arduinoDriver script to /home/ni3nayka/Документы/GitHub/IRS-1_sber_hack_2026/install/arduinoDriver/lib/arduinoDriver
[5.891s] writing list of installed files to '/home/ni3nayka/Документы/GitHub/IRS-1_sber_hack_2026/build/arduinoDriver/install.log'
[5.971s] Invoked command in '/home/ni3nayka/Документы/GitHub/IRS-1_sber_hack_2026/arduinoDriver' returned '0': PYTHONPATH=/home/ni3nayka/Документы/GitHub/IRS-1_sber_hack_2026/build/arduinoDriver/prefix_override:/usr/lib/python3/dist-packages/colcon_core/task/python/colcon_distutils_commands:/home/ni3nayka/Документы/GitHub/IRS-1_sber_hack_2026/install/arduinoDriver/lib/python3.12/site-packages:${PYTHONPATH} /usr/bin/python3 -W ignore:setup.py install is deprecated -W ignore:easy_install command is deprecated setup.py egg_info --egg-base ../build/arduinoDriver build --build-base /home/ni3nayka/Документы/GitHub/IRS-1_sber_hack_2026/build/arduinoDriver/build install --record /home/ni3nayka/Документы/GitHub/IRS-1_sber_hack_2026/build/arduinoDriver/install.log --single-version-externally-managed install_data
