running egg_info
creating ../build/main/main.egg-info
writing ../build/main/main.egg-info/PKG-INFO
writing dependency_links to ../build/main/main.egg-info/dependency_links.txt
writing entry points to ../build/main/main.egg-info/entry_points.txt
writing requirements to ../build/main/main.egg-info/requires.txt
writing top-level names to ../build/main/main.egg-info/top_level.txt
writing manifest file '../build/main/main.egg-info/SOURCES.txt'
reading manifest file '../build/main/main.egg-info/SOURCES.txt'
writing manifest file '../build/main/main.egg-info/SOURCES.txt'
running build
running build_py
creating /home/ni3nayka/Документы/GitHub/IRS-1_sber_hack_2026/build/main/build
creating /home/ni3nayka/Документы/GitHub/IRS-1_sber_hack_2026/build/main/build/lib
creating /home/ni3nayka/Документы/GitHub/IRS-1_sber_hack_2026/build/main/build/lib/main
copying main/__init__.py -> /home/ni3nayka/Документы/GitHub/IRS-1_sber_hack_2026/build/main/build/lib/main
copying main/main_node.py -> /home/ni3nayka/Документы/GitHub/IRS-1_sber_hack_2026/build/main/build/lib/main
running install
running install_lib
creating /home/ni3nayka/Документы/GitHub/IRS-1_sber_hack_2026/install/main/lib/python3.12/site-packages/main
copying /home/ni3nayka/Документы/GitHub/IRS-1_sber_hack_2026/build/main/build/lib/main/__init__.py -> /home/ni3nayka/Документы/GitHub/IRS-1_sber_hack_2026/install/main/lib/python3.12/site-packages/main
copying /home/ni3nayka/Документы/GitHub/IRS-1_sber_hack_2026/build/main/build/lib/main/main_node.py -> /home/ni3nayka/Документы/GitHub/IRS-1_sber_hack_2026/install/main/lib/python3.12/site-packages/main
byte-compiling /home/ni3nayka/Документы/GitHub/IRS-1_sber_hack_2026/install/main/lib/python3.12/site-packages/main/__init__.py to __init__.cpython-312.pyc
byte-compiling /home/ni3nayka/Документы/GitHub/IRS-1_sber_hack_2026/install/main/lib/python3.12/site-packages/main/main_node.py to main_node.cpython-312.pyc
running install_data
creating /home/ni3nayka/Документы/GitHub/IRS-1_sber_hack_2026/install/main/share/ament_index
creating /home/ni3nayka/Документы/GitHub/IRS-1_sber_hack_2026/install/main/share/ament_index/resource_index
creating /home/ni3nayka/Документы/GitHub/IRS-1_sber_hack_2026/install/main/share/ament_index/resource_index/packages
copying resource/main -> /home/ni3nayka/Документы/GitHub/IRS-1_sber_hack_2026/install/main/share/ament_index/resource_index/packages
copying package.xml -> /home/ni3nayka/Документы/GitHub/IRS-1_sber_hack_2026/install/main/share/main
running install_egg_info
Copying ../build/main/main.egg-info to /home/ni3nayka/Документы/GitHub/IRS-1_sber_hack_2026/install/main/lib/python3.12/site-packages/main-0.0.0-py3.12.egg-info
running install_scripts
Installing main script to /home/ni3nayka/Документы/GitHub/IRS-1_sber_hack_2026/install/main/lib/main
writing list of installed files to '/home/ni3nayka/Документы/GitHub/IRS-1_sber_hack_2026/build/main/install.log'
