[4.373s] Invoking command in '/home/ni3nayka/Документы/GitHub/IRS-1_sber_hack_2026/main': PYTHONPATH=/home/ni3nayka/Документы/GitHub/IRS-1_sber_hack_2026/build/main/prefix_override:/usr/lib/python3/dist-packages/colcon_core/task/python/colcon_distutils_commands:/home/ni3nayka/Документы/GitHub/IRS-1_sber_hack_2026/install/main/lib/python3.12/site-packages:${PYTHONPATH} /usr/bin/python3 -W ignore:setup.py install is deprecated -W ignore:easy_install command is deprecated setup.py egg_info --egg-base ../build/main build --build-base /home/ni3nayka/Документы/GitHub/IRS-1_sber_hack_2026/build/main/build install --record /home/ni3nayka/Документы/GitHub/IRS-1_sber_hack_2026/build/main/install.log --single-version-externally-managed install_data
[5.440s] running egg_info
[5.442s] creating ../build/main/main.egg-info
[5.548s] writing ../build/main/main.egg-info/PKG-INFO
[5.548s] writing dependency_links to ../build/main/main.egg-info/dependency_links.txt
[5.549s] writing entry points to ../build/main/main.egg-info/entry_points.txt
[5.550s] writing requirements to ../build/main/main.egg-info/requires.txt
[5.550s] writing top-level names to ../build/main/main.egg-info/top_level.txt
[5.551s] writing manifest file '../build/main/main.egg-info/SOURCES.txt'
[5.752s] reading manifest file '../build/main/main.egg-info/SOURCES.txt'
[5.754s] writing manifest file '../build/main/main.egg-info/SOURCES.txt'
[5.754s] running build
[5.755s] running build_py
[5.755s] creating /home/ni3nayka/Документы/GitHub/IRS-1_sber_hack_2026/build/main/build
[5.756s] creating /home/ni3nayka/Документы/GitHub/IRS-1_sber_hack_2026/build/main/build/lib
[5.756s] creating /home/ni3nayka/Документы/GitHub/IRS-1_sber_hack_2026/build/main/build/lib/main
[5.756s] copying main/__init__.py -> /home/ni3nayka/Документы/GitHub/IRS-1_sber_hack_2026/build/main/build/lib/main
[5.756s] copying main/main_node.py -> /home/ni3nayka/Документы/GitHub/IRS-1_sber_hack_2026/build/main/build/lib/main
[5.757s] running install
[5.771s] running install_lib
[5.869s] creating /home/ni3nayka/Документы/GitHub/IRS-1_sber_hack_2026/install/main/lib/python3.12/site-packages/main
[5.870s] copying /home/ni3nayka/Документы/GitHub/IRS-1_sber_hack_2026/build/main/build/lib/main/__init__.py -> /home/ni3nayka/Документы/GitHub/IRS-1_sber_hack_2026/install/main/lib/python3.12/site-packages/main
[5.870s] copying /home/ni3nayka/Документы/GitHub/IRS-1_sber_hack_2026/build/main/build/lib/main/main_node.py -> /home/ni3nayka/Документы/GitHub/IRS-1_sber_hack_2026/install/main/lib/python3.12/site-packages/main
[5.872s] byte-compiling /home/ni3nayka/Документы/GitHub/IRS-1_sber_hack_2026/install/main/lib/python3.12/site-packages/main/__init__.py to __init__.cpython-312.pyc
[5.872s] byte-compiling /home/ni3nayka/Документы/GitHub/IRS-1_sber_hack_2026/install/main/lib/python3.12/site-packages/main/main_node.py to main_node.cpython-312.pyc
[5.875s] running install_data
[5.875s] creating /home/ni3nayka/Документы/GitHub/IRS-1_sber_hack_2026/install/main/share/ament_index
[5.876s] creating /home/ni3nayka/Документы/GitHub/IRS-1_sber_hack_2026/install/main/share/ament_index/resource_index
[5.876s] creating /home/ni3nayka/Документы/GitHub/IRS-1_sber_hack_2026/install/main/share/ament_index/resource_index/packages
[5.877s] copying resource/main -> /home/ni3nayka/Документы/GitHub/IRS-1_sber_hack_2026/install/main/share/ament_index/resource_index/packages
[5.877s] copying package.xml -> /home/ni3nayka/Документы/GitHub/IRS-1_sber_hack_2026/install/main/share/main
[5.878s] running install_egg_info
[5.988s] Copying ../build/main/main.egg-info to /home/ni3nayka/Документы/GitHub/IRS-1_sber_hack_2026/install/main/lib/python3.12/site-packages/main-0.0.0-py3.12.egg-info
[5.994s] running install_scripts
[6.495s] Installing main script to /home/ni3nayka/Документы/GitHub/IRS-1_sber_hack_2026/install/main/lib/main
[6.496s] writing list of installed files to '/home/ni3nayka/Документы/GitHub/IRS-1_sber_hack_2026/build/main/install.log'
[6.565s] Invoked command in '/home/ni3nayka/Документы/GitHub/IRS-1_sber_hack_2026/main' returned '0': PYTHONPATH=/home/ni3nayka/Документы/GitHub/IRS-1_sber_hack_2026/build/main/prefix_override:/usr/lib/python3/dist-packages/colcon_core/task/python/colcon_distutils_commands:/home/ni3nayka/Документы/GitHub/IRS-1_sber_hack_2026/install/main/lib/python3.12/site-packages:${PYTHONPATH} /usr/bin/python3 -W ignore:setup.py install is deprecated -W ignore:easy_install command is deprecated setup.py egg_info --egg-base ../build/main build --build-base /home/ni3nayka/Документы/GitHub/IRS-1_sber_hack_2026/build/main/build install --record /home/ni3nayka/Документы/GitHub/IRS-1_sber_hack_2026/build/main/install.log --single-version-externally-managed install_data
